This is XeTeX, Version 3.141592653-2.6-0.999997 (TeX Live 2025) (preloaded format=xelatex 2026.1.9)  9 JAN 2026 22:43
entering extended mode
 restricted \write18 enabled.
 %&-line parsing enabled.
**Tesis_IVEC.tex
(./Tesis_IVEC.tex
LaTeX2e <2025-11-01>
L3 programming layer <2025-12-29>
(c:/Users/jarca/AppData/Roaming/TinyTeX/texmf-dist/tex/latex/base/book.cls
Document Class: book 2025/01/22 v1.4n Standard LaTeX document class
(c:/Users/jarca/AppData/Roaming/TinyTeX/texmf-dist/tex/latex/base/bk10.clo
File: bk10.clo 2025/01/22 v1.4n Standard LaTeX file (size option)
)
\c@part=\count271
\c@chapter=\count272
\c@section=\count273
\c@subsection=\count274
\c@subsubsection=\count275
\c@paragraph=\count276
\c@subparagraph=\count277
\c@figure=\count278
\c@table=\count279
\abovecaptionskip=\skip49
\belowcaptionskip=\skip50
\bibindent=\dimen148
) (c:/Users/jarca/AppData/Roaming/TinyTeX/texmf-dist/tex/latex/xcolor/xcolor.sty
Package: xcolor 2024/09/29 v3.02 LaTeX color extensions (UK)
(c:/Users/jarca/AppData/Roaming/TinyTeX/texmf-dist/tex/latex/graphics-cfg/color.cfg
File: color.cfg 2016/01/02 v1.6 sample color configuration
)
Package xcolor Info: Driver file: xetex.def on input line 274.
(c:/Users/jarca/AppData/Roaming/TinyTeX/texmf-dist/tex/latex/graphics-def/xetex.def
File: xetex.def 2025/11/01 v5.0p Graphics/color driver for xetex
) (c:/Users/jarca/AppData/Roaming/TinyTeX/texmf-dist/tex/latex/graphics/mathcolor.ltx)
Package xcolor Info: Model `cmy' substituted by `cmy0' on input line 1349.
Package xcolor Info: Model `RGB' extended on input line 1365.
Package xcolor Info: Model `HTML' substituted by `rgb' on input line 1367.
Package xcolor Info: Model `Hsb' substituted by `hsb' on input line 1368.
Package xcolor Info: Model `tHsb' substituted by `hsb' on input line 1369.
Package xcolor Info: Model `HSB' substituted by `hsb' on input line 1370.
Package xcolor Info: Model `Gray' substituted by `gray' on input line 1371.
Package xcolor Info: Model `wave' substituted by `hsb' on input line 1372.
) (c:/Users/jarca/AppData/Roaming/TinyTeX/texmf-dist/tex/latex/amsmath/amsmath.sty
Package: amsmath 2025/07/09 v2.17z AMS math features
\@mathmargin=\skip51
For additional information on amsmath, use the `?' option.
(c:/Users/jarca/AppData/Roaming/TinyTeX/texmf-dist/tex/latex/amsmath/amstext.sty
Package: amstext 2024/11/17 v2.01 AMS text
(c:/Users/jarca/AppData/Roaming/TinyTeX/texmf-dist/tex/latex/amsmath/amsgen.sty
File: amsgen.sty 1999/11/30 v2.0 generic functions
\@emptytoks=\toks17
\ex@=\dimen149
)) (c:/Users/jarca/AppData/Roaming/TinyTeX/texmf-dist/tex/latex/amsmath/amsbsy.sty
Package: amsbsy 1999/11/29 v1.2d Bold Symbols
\pmbraise@=\dimen150
) (c:/Users/jarca/AppData/Roaming/TinyTeX/texmf-dist/tex/latex/amsmath/amsopn.sty
Package: amsopn 2022/04/08 v2.04 operator names
)
\inf@bad=\count280
LaTeX Info: Redefining \frac on input line 233.
\uproot@=\count281
\leftroot@=\count282
LaTeX Info: Redefining \overline on input line 398.
LaTeX Info: Redefining \colon on input line 409.
\classnum@=\count283
\DOTSCASE@=\count284
LaTeX Info: Redefining \ldots on input line 495.
LaTeX Info: Redefining \dots on input line 498.
LaTeX Info: Redefining \cdots on input line 619.
\Mathstrutbox@=\box53
\strutbox@=\box54
LaTeX Info: Redefining \big on input line 721.
LaTeX Info: Redefining \Big on input line 722.
LaTeX Info: Redefining \bigg on input line 723.
LaTeX Info: Redefining \Bigg on input line 724.
\big@size=\dimen151
LaTeX Font Info:    Redeclaring font encoding OML on input line 742.
LaTeX Font Info:    Redeclaring font encoding OMS on input line 743.
\macc@depth=\count285
LaTeX Info: Redefining \bmod on input line 904.
LaTeX Info: Redefining \pmod on input line 909.
LaTeX Info: Redefining \smash on input line 939.
LaTeX Info: Redefining \relbar on input line 969.
LaTeX Info: Redefining \Relbar on input line 970.
\c@MaxMatrixCols=\count286
\dotsspace@=\muskip17
\c@parentequation=\count287
\dspbrk@lvl=\count288
\tag@help=\toks18
\row@=\count289
\column@=\count290
\maxfields@=\count291
\andhelp@=\toks19
\eqnshift@=\dimen152
\alignsep@=\dimen153
\tagshift@=\dimen154
\tagwidth@=\dimen155
\totwidth@=\dimen156
\lineht@=\dimen157
\@envbody=\toks20
\multlinegap=\skip52
\multlinetaggap=\skip53
\mathdisplay@stack=\toks21
LaTeX Info: Redefining \[ on input line 2950.
LaTeX Info: Redefining \] on input line 2951.
) (c:/Users/jarca/AppData/Roaming/TinyTeX/texmf-dist/tex/latex/amsfonts/amssymb.sty
Package: amssymb 2013/01/14 v3.01 AMS font symbols
(c:/Users/jarca/AppData/Roaming/TinyTeX/texmf-dist/tex/latex/amsfonts/amsfonts.sty
Package: amsfonts 2013/01/14 v3.01 Basic AMSFonts support
\symAMSa=\mathgroup4
\symAMSb=\mathgroup5
LaTeX Font Info:    Redeclaring math symbol \hbar on input line 98.
LaTeX Font Info:    Overwriting math alphabet `\mathfrak' in version `bold'
(Font)                  U/euf/m/n --> U/euf/b/n on input line 106.
)) (c:/Users/jarca/AppData/Roaming/TinyTeX/texmf-dist/tex/generic/iftex/iftex.sty
Package: iftex 2024/12/12 v1.0g TeX engine tests
) (c:/Users/jarca/AppData/Roaming/TinyTeX/texmf-dist/tex/latex/unicode-math/unicode-math.sty (c:/Users/jarca/AppData/Roaming/TinyTeX/texmf-dist/tex/latex/l3kernel/expl3.sty
Package: expl3 2025-12-29 L3 programming layer (loader) 
(c:/Users/jarca/AppData/Roaming/TinyTeX/texmf-dist/tex/latex/l3backend/l3backend-xetex.def
File: l3backend-xetex.def 2025-10-09 L3 backend support: XeTeX
\g__graphics_track_int=\count292
\g__pdfannot_backend_int=\count293
\g__pdfannot_backend_link_int=\count294
))
Package: unicode-math 2023/08/13 v0.8r Unicode maths in XeLaTeX and LuaLaTeX
(c:/Users/jarca/AppData/Roaming/TinyTeX/texmf-dist/tex/latex/unicode-math/unicode-math-xetex.sty
Package: unicode-math-xetex 2023/08/13 v0.8r Unicode maths in XeLaTeX and LuaLaTeX
(c:/Users/jarca/AppData/Roaming/TinyTeX/texmf-dist/tex/latex/l3packages/xparse/xparse.sty
Package: xparse 2025-10-09 L3 Experimental document command parser
) (c:/Users/jarca/AppData/Roaming/TinyTeX/texmf-dist/tex/latex/l3packages/l3keys2e/l3keys2e.sty
Package: l3keys2e 2025-10-09 LaTeX2e option processing using LaTeX3 keys
) (c:/Users/jarca/AppData/Roaming/TinyTeX/texmf-dist/tex/latex/fontspec/fontspec.sty
Package: fontspec 2025/09/29 v2.9g Font selection for XeLaTeX and LuaLaTeX
(c:/Users/jarca/AppData/Roaming/TinyTeX/texmf-dist/tex/latex/fontspec/fontspec-xetex.sty
Package: fontspec-xetex 2025/09/29 v2.9g Font selection for XeLaTeX and LuaLaTeX
\l__fontspec_script_int=\count295
\l__fontspec_language_int=\count296
\l__fontspec_strnum_int=\count297
\l__fontspec_tmp_int=\count298
\l__fontspec_tmpa_int=\count299
\l__fontspec_tmpb_int=\count300
\l__fontspec_tmpc_int=\count301
\l__fontspec_em_int=\count302
\l__fontspec_emdef_int=\count303
\l__fontspec_strong_int=\count304
\l__fontspec_strongdef_int=\count305
\l__fontspec_tmpa_dim=\dimen158
\l__fontspec_tmpb_dim=\dimen159
\l__fontspec_tmpc_dim=\dimen160
(c:/Users/jarca/AppData/Roaming/TinyTeX/texmf-dist/tex/latex/base/fontenc.sty
Package: fontenc 2025/07/18 v2.1d Standard LaTeX package
) (c:/Users/jarca/AppData/Roaming/TinyTeX/texmf-dist/tex/latex/fontspec/fontspec.cfg))) (c:/Users/jarca/AppData/Roaming/TinyTeX/texmf-dist/tex/latex/base/fix-cm.sty
Package: fix-cm 2020/11/24 v1.1t fixes to LaTeX
(c:/Users/jarca/AppData/Roaming/TinyTeX/texmf-dist/tex/latex/base/ts1enc.def
File: ts1enc.def 2001/06/05 v3.0e (jk/car/fm) Standard LaTeX file
LaTeX Font Info:    Redeclaring font encoding TS1 on input line 47.
LaTeX Encoding Info:    Redeclaring text command \capitalcedilla (encoding TS1) on input line 49.
LaTeX Encoding Info:    Redeclaring text command \capitalogonek (encoding TS1) on input line 52.
LaTeX Encoding Info:    Redeclaring text command \capitalgrave (encoding TS1) on input line 55.
LaTeX Encoding Info:    Redeclaring text command \capitalacute (encoding TS1) on input line 56.
LaTeX Encoding Info:    Redeclaring text command \capitalcircumflex (encoding TS1) on input line 57.
LaTeX Encoding Info:    Redeclaring text command \capitaltilde (encoding TS1) on input line 58.
LaTeX Encoding Info:    Redeclaring text command \capitaldieresis (encoding TS1) on input line 59.
LaTeX Encoding Info:    Redeclaring text command \capitalhungarumlaut (encoding TS1) on input line 60.
LaTeX Encoding Info:    Redeclaring text command \capitalring (encoding TS1) on input line 61.
LaTeX Encoding Info:    Redeclaring text command \capitalcaron (encoding TS1) on input line 62.
LaTeX Encoding Info:    Redeclaring text command \capitalbreve (encoding TS1) on input line 63.
LaTeX Encoding Info:    Redeclaring text command \capitalmacron (encoding TS1) on input line 64.
LaTeX Encoding Info:    Redeclaring text command \capitaldotaccent (encoding TS1) on input line 65.
LaTeX Encoding Info:    Redeclaring text command \t (encoding TS1) on input line 66.
LaTeX Encoding Info:    Redeclaring text command \capitaltie (encoding TS1) on input line 67.
LaTeX Encoding Info:    Redeclaring text command \newtie (encoding TS1) on input line 68.
LaTeX Encoding Info:    Redeclaring text command \capitalnewtie (encoding TS1) on input line 69.
LaTeX Encoding Info:    Redeclaring text symbol \textcapitalcompwordmark (encoding TS1) on input line 70.
LaTeX Encoding Info:    Redeclaring text symbol \textascendercompwordmark (encoding TS1) on input line 71.
LaTeX Encoding Info:    Redeclaring text symbol \textquotestraightbase (encoding TS1) on input line 72.
LaTeX Encoding Info:    Redeclaring text symbol \textquotestraightdblbase (encoding TS1) on input line 73.
LaTeX Encoding Info:    Redeclaring text symbol \texttwelveudash (encoding TS1) on input line 74.
LaTeX Encoding Info:    Redeclaring text symbol \textthreequartersemdash (encoding TS1) on input line 75.
LaTeX Encoding Info:    Redeclaring text symbol \textleftarrow (encoding TS1) on input line 76.
LaTeX Encoding Info:    Redeclaring text symbol \textrightarrow (encoding TS1) on input line 77.
LaTeX Encoding Info:    Redeclaring text symbol \textblank (encoding TS1) on input line 78.
LaTeX Encoding Info:    Redeclaring text symbol \textdollar (encoding TS1) on input line 79.
LaTeX Encoding Info:    Redeclaring text symbol \textquotesingle (encoding TS1) on input line 80.
LaTeX Encoding Info:    Redeclaring text command \textasteriskcentered (encoding TS1) on input line 81.
LaTeX Encoding Info:    Redeclaring text symbol \textdblhyphen (encoding TS1) on input line 92.
LaTeX Encoding Info:    Redeclaring text symbol \textfractionsolidus (encoding TS1) on input line 93.
LaTeX Encoding Info:    Redeclaring text symbol \textzerooldstyle (encoding TS1) on input line 94.
LaTeX Encoding Info:    Redeclaring text symbol \textoneoldstyle (encoding TS1) on input line 95.
LaTeX Encoding Info:    Redeclaring text symbol \texttwooldstyle (encoding TS1) on input line 96.
LaTeX Encoding Info:    Redeclaring text symbol \textthreeoldstyle (encoding TS1) on input line 97.
LaTeX Encoding Info:    Redeclaring text symbol \textfouroldstyle (encoding TS1) on input line 98.
LaTeX Encoding Info:    Redeclaring text symbol \textfiveoldstyle (encoding TS1) on input line 99.
LaTeX Encoding Info:    Redeclaring text symbol \textsixoldstyle (encoding TS1) on input line 100.
LaTeX Encoding Info:    Redeclaring text symbol \textsevenoldstyle (encoding TS1) on input line 101.
LaTeX Encoding Info:    Redeclaring text symbol \texteightoldstyle (encoding TS1) on input line 102.
LaTeX Encoding Info:    Redeclaring text symbol \textnineoldstyle (encoding TS1) on input line 103.
LaTeX Encoding Info:    Redeclaring text symbol \textlangle (encoding TS1) on input line 104.
LaTeX Encoding Info:    Redeclaring text symbol \textminus (encoding TS1) on input line 105.
LaTeX Encoding Info:    Redeclaring text symbol \textrangle (encoding TS1) on input line 106.
LaTeX Encoding Info:    Redeclaring text symbol \textmho (encoding TS1) on input line 107.
LaTeX Encoding Info:    Redeclaring text symbol \textbigcircle (encoding TS1) on input line 108.
LaTeX Encoding Info:    Redeclaring text command \textcircled (encoding TS1) on input line 109.
LaTeX Encoding Info:    Redeclaring text symbol \textohm (encoding TS1) on input line 115.
LaTeX Encoding Info:    Redeclaring text symbol \textlbrackdbl (encoding TS1) on input line 116.
LaTeX Encoding Info:    Redeclaring text symbol \textrbrackdbl (encoding TS1) on input line 117.
LaTeX Encoding Info:    Redeclaring text symbol \textuparrow (encoding TS1) on input line 118.
LaTeX Encoding Info:    Redeclaring text symbol \textdownarrow (encoding TS1) on input line 119.
LaTeX Encoding Info:    Redeclaring text symbol \textasciigrave (encoding TS1) on input line 120.
LaTeX Encoding Info:    Redeclaring text symbol \textborn (encoding TS1) on input line 121.
LaTeX Encoding Info:    Redeclaring text symbol \textdivorced (encoding TS1) on input line 122.
LaTeX Encoding Info:    Redeclaring text symbol \textdied (encoding TS1) on input line 123.
LaTeX Encoding Info:    Redeclaring text symbol \textleaf (encoding TS1) on input line 124.
LaTeX Encoding Info:    Redeclaring text symbol \textmarried (encoding TS1) on input line 125.
LaTeX Encoding Info:    Redeclaring text symbol \textmusicalnote (encoding TS1) on input line 126.
LaTeX Encoding Info:    Redeclaring text symbol \texttildelow (encoding TS1) on input line 127.
LaTeX Encoding Info:    Redeclaring text symbol \textdblhyphenchar (encoding TS1) on input line 128.
LaTeX Encoding Info:    Redeclaring text symbol \textasciibreve (encoding TS1) on input line 129.
LaTeX Encoding Info:    Redeclaring text symbol \textasciicaron (encoding TS1) on input line 130.
LaTeX Encoding Info:    Redeclaring text symbol \textacutedbl (encoding TS1) on input line 131.
LaTeX Encoding Info:    Redeclaring text symbol \textgravedbl (encoding TS1) on input line 132.
LaTeX Encoding Info:    Redeclaring text symbol \textdagger (encoding TS1) on input line 133.
LaTeX Encoding Info:    Redeclaring text symbol \textdaggerdbl (encoding TS1) on input line 134.
LaTeX Encoding Info:    Redeclaring text symbol \textbardbl (encoding TS1) on input line 135.
LaTeX Encoding Info:    Redeclaring text symbol \textperthousand (encoding TS1) on input line 136.
LaTeX Encoding Info:    Redeclaring text symbol \textbullet (encoding TS1) on input line 137.
LaTeX Encoding Info:    Redeclaring text symbol \textcelsius (encoding TS1) on input line 138.
LaTeX Encoding Info:    Redeclaring text symbol \textdollaroldstyle (encoding TS1) on input line 139.
LaTeX Encoding Info:    Redeclaring text symbol \textcentoldstyle (encoding TS1) on input line 140.
LaTeX Encoding Info:    Redeclaring text symbol \textflorin (encoding TS1) on input line 141.
LaTeX Encoding Info:    Redeclaring text symbol \textcolonmonetary (encoding TS1) on input line 142.
LaTeX Encoding Info:    Redeclaring text symbol \textwon (encoding TS1) on input line 143.
LaTeX Encoding Info:    Redeclaring text symbol \textnaira (encoding TS1) on input line 144.
LaTeX Encoding Info:    Redeclaring text symbol \textguarani (encoding TS1) on input line 145.
LaTeX Encoding Info:    Redeclaring text symbol \textpeso (encoding TS1) on input line 146.
LaTeX Encoding Info:    Redeclaring text symbol \textlira (encoding TS1) on input line 147.
LaTeX Encoding Info:    Redeclaring text symbol \textrecipe (encoding TS1) on input line 148.
LaTeX Encoding Info:    Redeclaring text symbol \textinterrobang (encoding TS1) on input line 149.
LaTeX Encoding Info:    Redeclaring text symbol \textinterrobangdown (encoding TS1) on input line 150.
LaTeX Encoding Info:    Redeclaring text symbol \textdong (encoding TS1) on input line 151.
LaTeX Encoding Info:    Redeclaring text symbol \texttrademark (encoding TS1) on input line 152.
LaTeX Encoding Info:    Redeclaring text symbol \textpertenthousand (encoding TS1) on input line 153.
LaTeX Encoding Info:    Redeclaring text symbol \textpilcrow (encoding TS1) on input line 154.
LaTeX Encoding Info:    Redeclaring text symbol \textbaht (encoding TS1) on input line 155.
LaTeX Encoding Info:    Redeclaring text symbol \textnumero (encoding TS1) on input line 156.
LaTeX Encoding Info:    Redeclaring text symbol \textdiscount (encoding TS1) on input line 157.
LaTeX Encoding Info:    Redeclaring text symbol \textestimated (encoding TS1) on input line 158.
LaTeX Encoding Info:    Redeclaring text symbol \textopenbullet (encoding TS1) on input line 159.
LaTeX Encoding Info:    Redeclaring text symbol \textservicemark (encoding TS1) on input line 160.
LaTeX Encoding Info:    Redeclaring text symbol \textlquill (encoding TS1) on input line 161.
LaTeX Encoding Info:    Redeclaring text symbol \textrquill (encoding TS1) on input line 162.
LaTeX Encoding Info:    Redeclaring text symbol \textcent (encoding TS1) on input line 163.
LaTeX Encoding Info:    Redeclaring text symbol \textsterling (encoding TS1) on input line 164.
LaTeX Encoding Info:    Redeclaring text symbol \textcurrency (encoding TS1) on input line 165.
LaTeX Encoding Info:    Redeclaring text symbol \textyen (encoding TS1) on input line 166.
LaTeX Encoding Info:    Redeclaring text symbol \textbrokenbar (encoding TS1) on input line 167.
LaTeX Encoding Info:    Redeclaring text symbol \textsection (encoding TS1) on input line 168.
LaTeX Encoding Info:    Redeclaring text symbol \textasciidieresis (encoding TS1) on input line 169.
LaTeX Encoding Info:    Redeclaring text symbol \textcopyright (encoding TS1) on input line 170.
LaTeX Encoding Info:    Redeclaring text symbol \textordfeminine (encoding TS1) on input line 171.
LaTeX Encoding Info:    Redeclaring text symbol \textcopyleft (encoding TS1) on input line 172.
LaTeX Encoding Info:    Redeclaring text symbol \textlnot (encoding TS1) on input line 173.
LaTeX Encoding Info:    Redeclaring text symbol \textcircledP (encoding TS1) on input line 174.
LaTeX Encoding Info:    Redeclaring text symbol \textregistered (encoding TS1) on input line 175.
LaTeX Encoding Info:    Redeclaring text symbol \textasciimacron (encoding TS1) on input line 176.
LaTeX Encoding Info:    Redeclaring text symbol \textdegree (encoding TS1) on input line 177.
LaTeX Encoding Info:    Redeclaring text symbol \textpm (encoding TS1) on input line 178.
LaTeX Encoding Info:    Redeclaring text symbol \texttwosuperior (encoding TS1) on input line 179.
LaTeX Encoding Info:    Redeclaring text symbol \textthreesuperior (encoding TS1) on input line 180.
LaTeX Encoding Info:    Redeclaring text symbol \textasciiacute (encoding TS1) on input line 181.
LaTeX Encoding Info:    Redeclaring text symbol \textmu (encoding TS1) on input line 182.
LaTeX Encoding Info:    Redeclaring text symbol \textparagraph (encoding TS1) on input line 183.
LaTeX Encoding Info:    Redeclaring text symbol \textperiodcentered (encoding TS1) on input line 184.
LaTeX Encoding Info:    Redeclaring text symbol \textreferencemark (encoding TS1) on input line 185.
LaTeX Encoding Info:    Redeclaring text symbol \textonesuperior (encoding TS1) on input line 186.
LaTeX Encoding Info:    Redeclaring text symbol \textordmasculine (encoding TS1) on input line 187.
LaTeX Encoding Info:    Redeclaring text symbol \textsurd (encoding TS1) on input line 188.
LaTeX Encoding Info:    Redeclaring text symbol \textonequarter (encoding TS1) on input line 189.
LaTeX Encoding Info:    Redeclaring text symbol \textonehalf (encoding TS1) on input line 190.
LaTeX Encoding Info:    Redeclaring text symbol \textthreequarters (encoding TS1) on input line 191.
LaTeX Encoding Info:    Redeclaring text symbol \texteuro (encoding TS1) on input line 192.
LaTeX Encoding Info:    Redeclaring text symbol \texttimes (encoding TS1) on input line 193.
LaTeX Encoding Info:    Redeclaring text symbol \textdiv (encoding TS1) on input line 194.
))
\g__um_fam_int=\count306
\g__um_fonts_used_int=\count307
\l__um_primecount_int=\count308
\g__um_primekern_muskip=\muskip18
(c:/Users/jarca/AppData/Roaming/TinyTeX/texmf-dist/tex/latex/unicode-math/unicode-math-table.tex))) (c:/Users/jarca/AppData/Roaming/TinyTeX/texmf-dist/tex/latex/lm/lmodern.sty
Package: lmodern 2015/05/01 v1.6.1 Latin Modern Fonts
LaTeX Font Info:    Overwriting symbol font `operators' in version `normal'
(Font)                  OT1/cmr/m/n --> OT1/lmr/m/n on input line 22.
LaTeX Font Info:    Overwriting symbol font `letters' in version `normal'
(Font)                  OML/cmm/m/it --> OML/lmm/m/it on input line 23.
LaTeX Font Info:    Overwriting symbol font `symbols' in version `normal'
(Font)                  OMS/cmsy/m/n --> OMS/lmsy/m/n on input line 24.
LaTeX Font Info:    Overwriting symbol font `largesymbols' in version `normal'
(Font)                  OMX/cmex/m/n --> OMX/lmex/m/n on input line 25.
LaTeX Font Info:    Overwriting symbol font `operators' in version `bold'
(Font)                  OT1/cmr/bx/n --> OT1/lmr/bx/n on input line 26.
LaTeX Font Info:    Overwriting symbol font `letters' in version `bold'
(Font)                  OML/cmm/b/it --> OML/lmm/b/it on input line 27.
LaTeX Font Info:    Overwriting symbol font `symbols' in version `bold'
(Font)                  OMS/cmsy/b/n --> OMS/lmsy/b/n on input line 28.
LaTeX Font Info:    Overwriting symbol font `largesymbols' in version `bold'
(Font)                  OMX/cmex/m/n --> OMX/lmex/m/n on input line 29.
LaTeX Font Info:    Overwriting math alphabet `\mathbf' in version `normal'
(Font)                  OT1/cmr/bx/n --> OT1/lmr/bx/n on input line 31.
LaTeX Font Info:    Overwriting math alphabet `\mathsf' in version `normal'
(Font)                  OT1/cmss/m/n --> OT1/lmss/m/n on input line 32.
LaTeX Font Info:    Overwriting math alphabet `\mathit' in version `normal'
(Font)                  OT1/cmr/m/it --> OT1/lmr/m/it on input line 33.
LaTeX Font Info:    Overwriting math alphabet `\mathtt' in version `normal'
(Font)                  OT1/cmtt/m/n --> OT1/lmtt/m/n on input line 34.
LaTeX Font Info:    Overwriting math alphabet `\mathbf' in version `bold'
(Font)                  OT1/cmr/bx/n --> OT1/lmr/bx/n on input line 35.
LaTeX Font Info:    Overwriting math alphabet `\mathsf' in version `bold'
(Font)                  OT1/cmss/bx/n --> OT1/lmss/bx/n on input line 36.
LaTeX Font Info:    Overwriting math alphabet `\mathit' in version `bold'
(Font)                  OT1/cmr/bx/it --> OT1/lmr/bx/it on input line 37.
LaTeX Font Info:    Overwriting math alphabet `\mathtt' in version `bold'
(Font)                  OT1/cmtt/m/n --> OT1/lmtt/m/n on input line 38.
) (c:/Users/jarca/AppData/Roaming/TinyTeX/texmf-dist/tex/latex/upquote/upquote.sty
Package: upquote 2012/04/19 v1.3 upright-quote and grave-accent glyphs in verbatim
(c:/Users/jarca/AppData/Roaming/TinyTeX/texmf-dist/tex/latex/base/textcomp.sty
Package: textcomp 2024/04/24 v2.1b Standard LaTeX package
)) (c:/Users/jarca/AppData/Roaming/TinyTeX/texmf-dist/tex/latex/microtype/microtype.sty
Package: microtype 2025/07/09 v3.2b Micro-typographical refinements (RS)
(c:/Users/jarca/AppData/Roaming/TinyTeX/texmf-dist/tex/latex/graphics/keyval.sty
Package: keyval 2022/05/29 v1.15 key=value parser (DPC)
\KV@toks@=\toks22
) (c:/Users/jarca/AppData/Roaming/TinyTeX/texmf-dist/tex/latex/etoolbox/etoolbox.sty
Package: etoolbox 2025/10/02 v2.5m e-TeX tools for LaTeX (JAW)
\etb@tempcnta=\count309
)
\MT@toks=\toks23
\MT@tempbox=\box55
\MT@count=\count310
LaTeX Info: Redefining \noprotrusionifhmode on input line 1087.
LaTeX Info: Redefining \leftprotrusion on input line 1088.
\MT@prot@toks=\toks24
LaTeX Info: Redefining \rightprotrusion on input line 1107.
LaTeX Info: Redefining \textls on input line 1449.
\MT@outer@kern=\dimen161
LaTeX Info: Redefining \microtypecontext on input line 2053.
LaTeX Info: Redefining \textmicrotypecontext on input line 2070.
\MT@listname@count=\count311
(c:/Users/jarca/AppData/Roaming/TinyTeX/texmf-dist/tex/latex/microtype/microtype-xetex.def
File: microtype-xetex.def 2025/07/09 v3.2b Definitions specific to xetex (RS)
LaTeX Info: Redefining \lsstyle on input line 443.
LaTeX Info: Redefining \lslig on input line 451.
\MT@outer@space=\skip54
)
Package microtype Info: Loading configuration file microtype.cfg.
(c:/Users/jarca/AppData/Roaming/TinyTeX/texmf-dist/tex/latex/microtype/microtype.cfg
File: microtype.cfg 2025/07/09 v3.2b microtype main configuration file (RS)
)
LaTeX Info: Redefining \microtypesetup on input line 3065.
) (c:/Users/jarca/AppData/Roaming/TinyTeX/texmf-dist/tex/latex/fancyvrb/fancyvrb.sty
Package: fancyvrb 2025/07/28 4.6 verbatim text (tvz,hv)
\FV@CodeLineNo=\count312
\FV@InFile=\read2
\FV@TabBox=\box56
\c@FancyVerbLine=\count313
\FV@StepNumber=\count314
\FV@OutFile=\write3
) (c:/Users/jarca/AppData/Roaming/TinyTeX/texmf-dist/tex/latex/framed/framed.sty
Package: framed 2011/10/22 v 0.96: framed or shaded text with page breaks
\OuterFrameSep=\skip55
\fb@frw=\dimen162
\fb@frh=\dimen163
\FrameRule=\dimen164
\FrameSep=\dimen165
) (c:/Users/jarca/AppData/Roaming/TinyTeX/texmf-dist/tex/latex/tools/longtable.sty
Package: longtable 2025-10-13 v4.24 Multi-page Table package (DPC)
\LTleft=\skip56
\LTright=\skip57
\LTpre=\skip58
\LTpost=\skip59
\LTchunksize=\count315
\LTcapwidth=\dimen166
\LT@head=\box57
\LT@firsthead=\box58
\LT@foot=\box59
\LT@lastfoot=\box60
\LT@gbox=\box61
\LT@cols=\count316
\LT@rows=\count317
\c@LT@tables=\count318
\c@LT@chunks=\count319
\LT@p@ftn=\toks25
) (c:/Users/jarca/AppData/Roaming/TinyTeX/texmf-dist/tex/latex/booktabs/booktabs.sty
Package: booktabs 2020/01/12 v1.61803398 Publication quality tables
\heavyrulewidth=\dimen167
\lightrulewidth=\dimen168
\cmidrulewidth=\dimen169
\belowrulesep=\dimen170
\belowbottomsep=\dimen171
\aboverulesep=\dimen172
\abovetopsep=\dimen173
\cmidrulesep=\dimen174
\cmidrulekern=\dimen175
\defaultaddspace=\dimen176
\@cmidla=\count320
\@cmidlb=\count321
\@aboverulesep=\dimen177
\@belowrulesep=\dimen178
\@thisruleclass=\count322
\@lastruleclass=\count323
\@thisrulewidth=\dimen179
) (c:/Users/jarca/AppData/Roaming/TinyTeX/texmf-dist/tex/latex/tools/array.sty
Package: array 2025/09/25 v2.6n Tabular extension package (FMi)
\col@sep=\dimen180
\ar@mcellbox=\box62
\extrarowheight=\dimen181
\NC@list=\toks26
\extratabsurround=\skip60
\backup@length=\skip61
\ar@cellbox=\box63
) (c:/Users/jarca/AppData/Roaming/TinyTeX/texmf-dist/tex/latex/tools/calc.sty
Package: calc 2025/03/01 v4.3b Infix arithmetic (KKT,FJ)
\calc@Acount=\count324
\calc@Bcount=\count325
\calc@Adimen=\dimen182
\calc@Bdimen=\dimen183
\calc@Askip=\skip62
\calc@Bskip=\skip63
LaTeX Info: Redefining \setlength on input line 86.
LaTeX Info: Redefining \addtolength on input line 87.
\calc@Ccount=\count326
\calc@Cskip=\skip64
) (c:/Users/jarca/AppData/Roaming/TinyTeX/texmf-dist/tex/latex/mdwtools/footnote.sty
Package: footnote 1997/01/28 1.13 Save footnotes around boxes
\fn@notes=\box64
\fn@width=\dimen184
) (c:/Users/jarca/AppData/Roaming/TinyTeX/texmf-dist/tex/latex/graphics/graphicx.sty
Package: graphicx 2024/12/31 v1.2e Enhanced LaTeX Graphics (DPC,SPQR)
(c:/Users/jarca/AppData/Roaming/TinyTeX/texmf-dist/tex/latex/graphics/graphics.sty
Package: graphics 2024/08/06 v1.4g Standard LaTeX Graphics (DPC,SPQR)
(c:/Users/jarca/AppData/Roaming/TinyTeX/texmf-dist/tex/latex/graphics/trig.sty
Package: trig 2023/12/02 v1.11 sin cos tan (DPC)
) (c:/Users/jarca/AppData/Roaming/TinyTeX/texmf-dist/tex/latex/graphics-cfg/graphics.cfg
File: graphics.cfg 2016/06/04 v1.11 sample graphics configuration
)
Package graphics Info: Driver file: xetex.def on input line 106.
)
\Gin@req@height=\dimen185
\Gin@req@width=\dimen186
)
\pandoc@box=\box65
(c:/Users/jarca/AppData/Roaming/TinyTeX/texmf-dist/tex/latex/natbib/natbib.sty
Package: natbib 2010/09/13 8.31b (PWD, AO)
\bibhang=\skip65
\bibsep=\skip66
LaTeX Info: Redefining \cite on input line 694.
\c@NAT@ctr=\count327
) (c:/Users/jarca/AppData/Roaming/TinyTeX/texmf-dist/tex/latex/base/inputenc.sty
Package: inputenc 2024/02/08 v1.3d Input encoding file
\inpenc@prehook=\toks27
\inpenc@posthook=\toks28

Package inputenc Warning: inputenc package ignored with utf8 based engines.

) (c:/Users/jarca/AppData/Roaming/TinyTeX/texmf-dist/tex/latex/base/fontenc.sty
Package: fontenc 2025/07/18 v2.1d Standard LaTeX package
LaTeX Font Info:    Trying to load font information for T1+lmr on input line 116.
(c:/Users/jarca/AppData/Roaming/TinyTeX/texmf-dist/tex/latex/lm/t1lmr.fd
File: t1lmr.fd 2015/05/01 v1.6.1 Font defs for Latin Modern
)) (c:/Users/jarca/AppData/Roaming/TinyTeX/texmf-dist/tex/latex/setspace/setspace.sty
Package: setspace 2022/12/04 v6.7b set line spacing
) (c:/Users/jarca/AppData/Roaming/TinyTeX/texmf-dist/tex/latex/geometry/geometry.sty
Package: geometry 2020/01/02 v5.9 Page Geometry
(c:/Users/jarca/AppData/Roaming/TinyTeX/texmf-dist/tex/generic/iftex/ifvtex.sty
Package: ifvtex 2019/10/25 v1.7 ifvtex legacy package. Use iftex instead.
)
\Gm@cnth=\count328
\Gm@cntv=\count329
\c@Gm@tempcnt=\count330
\Gm@bindingoffset=\dimen187
\Gm@wd@mp=\dimen188
\Gm@odd@mp=\dimen189
\Gm@even@mp=\dimen190
\Gm@layoutwidth=\dimen191
\Gm@layoutheight=\dimen192
\Gm@layouthoffset=\dimen193
\Gm@layoutvoffset=\dimen194
\Gm@dimlist=\toks29
) (c:/Users/jarca/AppData/Roaming/TinyTeX/texmf-dist/tex/latex/threeparttable/threeparttable.sty
Package: threeparttable 2003/06/13  v 3.0
\@tempboxb=\box66
) (c:/Users/jarca/AppData/Roaming/TinyTeX/texmf-dist/tex/latex/float/float.sty
Package: float 2001/11/08 v1.3d Float enhancements (AL)
\c@float@type=\count331
\float@exts=\toks30
\float@box=\box67
\@float@everytoks=\toks31
\@floatcapt=\box68
) (c:/Users/jarca/AppData/Roaming/TinyTeX/texmf-dist/tex/latex/titlesec/titlesec.sty
Package: titlesec 2025/01/04 v2.17 Sectioning titles
\ttl@box=\box69
\beforetitleunit=\skip67
\aftertitleunit=\skip68
\ttl@plus=\dimen195
\ttl@minus=\dimen196
\ttl@toksa=\toks32
\titlewidth=\dimen197
\titlewidthlast=\dimen198
\titlewidthfirst=\dimen199
) (c:/Users/jarca/AppData/Roaming/TinyTeX/texmf-dist/tex/latex/fancyhdr/fancyhdr.sty
Package: fancyhdr 2025/02/07 v5.2 Extensive control of page headers and footers
\f@nch@headwidth=\skip69
\f@nch@offset@elh=\skip70
\f@nch@offset@erh=\skip71
\f@nch@offset@olh=\skip72
\f@nch@offset@orh=\skip73
\f@nch@offset@elf=\skip74
\f@nch@offset@erf=\skip75
\f@nch@offset@olf=\skip76
\f@nch@offset@orf=\skip77
\f@nch@height=\skip78
\f@nch@footalignment=\skip79
\f@nch@widthL=\skip80
\f@nch@widthC=\skip81
\f@nch@widthR=\skip82
\@temptokenb=\toks33
) (c:/Users/jarca/AppData/Roaming/TinyTeX/texmf-dist/tex/latex/hyperref/hyperref.sty
Package: hyperref 2025-07-12 v7.01o Hypertext links for LaTeX
(c:/Users/jarca/AppData/Roaming/TinyTeX/texmf-dist/tex/latex/kvsetkeys/kvsetkeys.sty
Package: kvsetkeys 2022-10-05 v1.19 Key value parser (HO)
) (c:/Users/jarca/AppData/Roaming/TinyTeX/texmf-dist/tex/generic/kvdefinekeys/kvdefinekeys.sty
Package: kvdefinekeys 2019-12-19 v1.6 Define keys (HO)
) (c:/Users/jarca/AppData/Roaming/TinyTeX/texmf-dist/tex/generic/pdfescape/pdfescape.sty
Package: pdfescape 2019/12/09 v1.15 Implements pdfTeX's escape features (HO)
(c:/Users/jarca/AppData/Roaming/TinyTeX/texmf-dist/tex/generic/ltxcmds/ltxcmds.sty
Package: ltxcmds 2023-12-04 v1.26 LaTeX kernel commands for general use (HO)
) (c:/Users/jarca/AppData/Roaming/TinyTeX/texmf-dist/tex/generic/pdftexcmds/pdftexcmds.sty
Package: pdftexcmds 2020-06-27 v0.33 Utility functions of pdfTeX for LuaTeX (HO)
(c:/Users/jarca/AppData/Roaming/TinyTeX/texmf-dist/tex/generic/infwarerr/infwarerr.sty
Package: infwarerr 2019/12/03 v1.5 Providing info/warning/error messages (HO)
)
Package pdftexcmds Info: \pdf@primitive is available.
Package pdftexcmds Info: \pdf@ifprimitive is available.
Package pdftexcmds Info: \pdfdraftmode not found.
)) (c:/Users/jarca/AppData/Roaming/TinyTeX/texmf-dist/tex/latex/hycolor/hycolor.sty
Package: hycolor 2020-01-27 v1.10 Color options for hyperref/bookmark (HO)
) (c:/Users/jarca/AppData/Roaming/TinyTeX/texmf-dist/tex/latex/hyperref/nameref.sty
Package: nameref 2025-06-21 v2.57 Cross-referencing by name of section
(c:/Users/jarca/AppData/Roaming/TinyTeX/texmf-dist/tex/latex/refcount/refcount.sty
Package: refcount 2019/12/15 v3.6 Data extraction from label references (HO)
) (c:/Users/jarca/AppData/Roaming/TinyTeX/texmf-dist/tex/generic/gettitlestring/gettitlestring.sty
Package: gettitlestring 2019/12/15 v1.6 Cleanup title references (HO)
(c:/Users/jarca/AppData/Roaming/TinyTeX/texmf-dist/tex/latex/kvoptions/kvoptions.sty
Package: kvoptions 2022-06-15 v3.15 Key value format for package options (HO)
))
\c@section@level=\count332
) (c:/Users/jarca/AppData/Roaming/TinyTeX/texmf-dist/tex/generic/stringenc/stringenc.sty
Package: stringenc 2019/11/29 v1.12 Convert strings between diff. encodings (HO)
)
\@linkdim=\dimen256
\Hy@linkcounter=\count333
\Hy@pagecounter=\count334
(c:/Users/jarca/AppData/Roaming/TinyTeX/texmf-dist/tex/latex/hyperref/pd1enc.def
File: pd1enc.def 2025-07-12 v7.01o Hyperref: PDFDocEncoding definition (HO)
) (c:/Users/jarca/AppData/Roaming/TinyTeX/texmf-dist/tex/generic/intcalc/intcalc.sty
Package: intcalc 2019/12/15 v1.3 Expandable calculations with integers (HO)
)
\Hy@SavedSpaceFactor=\count335
(c:/Users/jarca/AppData/Roaming/TinyTeX/texmf-dist/tex/latex/hyperref/puenc.def
File: puenc.def 2025-07-12 v7.01o Hyperref: PDF Unicode definition (HO)
)
Package hyperref Info: Option `unicode' set `true' on input line 4066.
Package hyperref Info: Hyper figures OFF on input line 4195.
Package hyperref Info: Link nesting OFF on input line 4200.
Package hyperref Info: Hyper index ON on input line 4203.
Package hyperref Info: Plain pages OFF on input line 4210.
Package hyperref Info: Backreferencing OFF on input line 4215.
Package hyperref Info: Implicit mode ON; LaTeX internals redefined.
Package hyperref Info: Bookmarks ON on input line 4462.
\c@Hy@tempcnt=\count336
(c:/Users/jarca/AppData/Roaming/TinyTeX/texmf-dist/tex/latex/url/url.sty
\Urlmuskip=\muskip19
Package: url 2013/09/16  ver 3.4  Verb mode for urls, etc.
)
LaTeX Info: Redefining \url on input line 4801.
\XeTeXLinkMargin=\dimen257
(c:/Users/jarca/AppData/Roaming/TinyTeX/texmf-dist/tex/generic/bitset/bitset.sty
Package: bitset 2019/12/09 v1.3 Handle bit-vector datatype (HO)
(c:/Users/jarca/AppData/Roaming/TinyTeX/texmf-dist/tex/generic/bigintcalc/bigintcalc.sty
Package: bigintcalc 2019/12/15 v1.5 Expandable calculations on big integers (HO)
))
\Fld@menulength=\count337
\Field@Width=\dimen258
\Fld@charsize=\dimen259
Package hyperref Info: Hyper figures OFF on input line 6078.
Package hyperref Info: Link nesting OFF on input line 6083.
Package hyperref Info: Hyper index ON on input line 6086.
Package hyperref Info: backreferencing OFF on input line 6093.
Package hyperref Info: Link coloring OFF on input line 6098.
Package hyperref Info: Link coloring with OCG OFF on input line 6103.
Package hyperref Info: PDF/A mode OFF on input line 6108.
\Hy@abspage=\count338
\c@Item=\count339
\c@Hfootnote=\count340
)
Package hyperref Info: Driver (autodetected): hxetex.
(c:/Users/jarca/AppData/Roaming/TinyTeX/texmf-dist/tex/latex/hyperref/hxetex.def
File: hxetex.def 2025-07-12 v7.01o Hyperref driver for XeTeX
\pdfm@box=\box70
\c@Hy@AnnotLevel=\count341
\HyField@AnnotCount=\count342
\Fld@listcount=\count343
\c@bookmark@seq@number=\count344
(c:/Users/jarca/AppData/Roaming/TinyTeX/texmf-dist/tex/latex/rerunfilecheck/rerunfilecheck.sty
Package: rerunfilecheck 2025-06-21 v1.11 Rerun checks for auxiliary files (HO)
(c:/Users/jarca/AppData/Roaming/TinyTeX/texmf-dist/tex/generic/uniquecounter/uniquecounter.sty
Package: uniquecounter 2019/12/15 v1.4 Provide unlimited unique counter (HO)
)
Package uniquecounter Info: New unique counter `rerunfilecheck' on input line 284.
)
\Hy@SectionHShift=\skip83
) (c:/Users/jarca/AppData/Roaming/TinyTeX/texmf-dist/tex/latex/enumitem/enumitem.sty
Package: enumitem 2025/02/06 v3.11 Customized lists
\labelindent=\skip84
\enit@outerparindent=\dimen260
\enit@toks=\toks34
\enit@inbox=\box71
\enit@count@id=\count345
\enitdp@description=\count346
)

Package fontspec Info: 
(fontspec)             TeX Gyre Termes scale = 0.9567736925805237.


Package fontspec Info: 
(fontspec)             TeX Gyre Termes scale = 1.


Package fontspec Info: 
(fontspec)             TeX Gyre Termes scale = 0.9567736925805237.


Package fontspec Info: 
(fontspec)             TeX Gyre Termes scale = 1.


Package fontspec Info: 
(fontspec)             TeX Gyre Termes scale = 0.9567736925805237.


Package fontspec Info: 
(fontspec)             TeX Gyre Termes scale = 1.


Package fontspec Info: 
(fontspec)             TeX Gyre Termes/B scale = 0.9339439034562196.


Package fontspec Info: 
(fontspec)             TeX Gyre Termes/B scale = 1.


Package fontspec Info: 
(fontspec)             TeX Gyre Termes/B scale = 0.9339439034562196.


Package fontspec Info: 
(fontspec)             TeX Gyre Termes/B scale = 1.


Package fontspec Info: 
(fontspec)             TeX Gyre Termes/I scale = 0.9966409528249903.


Package fontspec Info: 
(fontspec)             TeX Gyre Termes/I scale = 1.


Package fontspec Info: 
(fontspec)             TeX Gyre Termes/I scale = 0.9966409528249903.


Package fontspec Info: 
(fontspec)             TeX Gyre Termes/I scale = 1.


Package fontspec Info: 
(fontspec)             TeX Gyre Termes/BI scale = 0.9589034112921313.


Package fontspec Info: 
(fontspec)             TeX Gyre Termes/BI scale = 1.


Package fontspec Info: 
(fontspec)             TeX Gyre Termes/BI scale = 0.9589034112921313.


Package fontspec Info: 
(fontspec)             TeX Gyre Termes/BI scale = 1.


Package fontspec Info: 
(fontspec)             Font family 'TeXGyreTermes(0)' created for font 'TeX
(fontspec)             Gyre Termes' with options
(fontspec)             [Scale=MatchLowercase,Ligatures=TeX,Scale=1].
(fontspec)              
(fontspec)              This font family consists of the following NFSS
(fontspec)             series/shapes:
(fontspec)              
(fontspec)             - 'normal' (m/n) with NFSS spec.: <->s*[1]"TeX Gyre
(fontspec)             Termes/OT:script=latn;language=dflt;mapping=tex-text;"
(fontspec)             - 'small caps'  (m/sc) with NFSS spec.: <->s*[1]"TeX
(fontspec)             Gyre
(fontspec)             Termes/OT:script=latn;language=dflt;+smcp;mapping=tex-text;"
(fontspec)             - 'bold' (b/n) with NFSS spec.: <->s*[1]"TeX Gyre
(fontspec)             Termes/B/OT:script=latn;language=dflt;mapping=tex-text;"
(fontspec)             - 'bold small caps'  (b/sc) with NFSS spec.:
(fontspec)             <->s*[1]"TeX Gyre
(fontspec)             Termes/B/OT:script=latn;language=dflt;+smcp;mapping=tex-text;"
(fontspec)             - 'italic' (m/it) with NFSS spec.: <->s*[1]"TeX Gyre
(fontspec)             Termes/I/OT:script=latn;language=dflt;mapping=tex-text;"
(fontspec)             - 'italic small caps'  (m/scit) with NFSS spec.:
(fontspec)             <->s*[1]"TeX Gyre
(fontspec)             Termes/I/OT:script=latn;language=dflt;+smcp;mapping=tex-text;"
(fontspec)             - 'bold italic' (b/it) with NFSS spec.: <->s*[1]"TeX
(fontspec)             Gyre
(fontspec)             Termes/BI/OT:script=latn;language=dflt;mapping=tex-text;"
(fontspec)             - 'bold italic small caps'  (b/scit) with NFSS spec.:
(fontspec)             <->s*[1]"TeX Gyre
(fontspec)             Termes/BI/OT:script=latn;language=dflt;+smcp;mapping=tex-text;"

LaTeX Font Info:    Font shape `TU/TeXGyreTermes(0)/m/n' will be
(Font)              scaled to size 10.0pt on input line 131.

Package fontspec Info: 
(fontspec)             TeX Gyre Termes scale = 0.999996609169484.


Package fontspec Info: 
(fontspec)             TeX Gyre Termes scale = 0.999996609169484.


Package fontspec Info: 
(fontspec)             TeX Gyre Termes scale = 0.999996609169484.


Package fontspec Info: 
(fontspec)             TeX Gyre Termes/B scale = 0.9761354684531414.


Package fontspec Info: 
(fontspec)             TeX Gyre Termes/B scale = 0.9761354684531414.


Package fontspec Info: 
(fontspec)             TeX Gyre Termes/I scale = 1.041664900606112.


Package fontspec Info: 
(fontspec)             TeX Gyre Termes/I scale = 1.041664900606112.


Package fontspec Info: 
(fontspec)             TeX Gyre Termes/BI scale = 1.002222539404196.


Package fontspec Info: 
(fontspec)             TeX Gyre Termes/BI scale = 1.002222539404196.


Package fontspec Info: 
(fontspec)             Font family 'TeXGyreTermes(1)' created for font 'TeX
(fontspec)             Gyre Termes' with options [Scale=MatchLowercase].
(fontspec)              
(fontspec)              This font family consists of the following NFSS
(fontspec)             series/shapes:
(fontspec)              
(fontspec)             - 'normal' (m/n) with NFSS spec.:
(fontspec)             <->s*[0.999996609169484]"TeX Gyre
(fontspec)             Termes/OT:script=latn;language=dflt;"
(fontspec)             - 'small caps'  (m/sc) with NFSS spec.:
(fontspec)             <->s*[0.999996609169484]"TeX Gyre
(fontspec)             Termes/OT:script=latn;language=dflt;+smcp;"
(fontspec)             - 'bold' (b/n) with NFSS spec.:
(fontspec)             <->s*[0.9761354684531414]"TeX Gyre
(fontspec)             Termes/B/OT:script=latn;language=dflt;"
(fontspec)             - 'bold small caps'  (b/sc) with NFSS spec.:
(fontspec)             <->s*[0.9761354684531414]"TeX Gyre
(fontspec)             Termes/B/OT:script=latn;language=dflt;+smcp;"
(fontspec)             - 'italic' (m/it) with NFSS spec.:
(fontspec)             <->s*[1.041664900606112]"TeX Gyre
(fontspec)             Termes/I/OT:script=latn;language=dflt;"
(fontspec)             - 'italic small caps'  (m/scit) with NFSS spec.:
(fontspec)             <->s*[1.041664900606112]"TeX Gyre
(fontspec)             Termes/I/OT:script=latn;language=dflt;+smcp;"
(fontspec)             - 'bold italic' (b/it) with NFSS spec.:
(fontspec)             <->s*[1.002222539404196]"TeX Gyre
(fontspec)             Termes/BI/OT:script=latn;language=dflt;"
(fontspec)             - 'bold italic small caps'  (b/scit) with NFSS spec.:
(fontspec)             <->s*[1.002222539404196]"TeX Gyre
(fontspec)             Termes/BI/OT:script=latn;language=dflt;+smcp;"

LaTeX Font Info:    Overwriting math alphabet `\mathrm' in version `normal'
(Font)                  OT1/lmr/m/n --> TU/TeXGyreTermes(1)/m/n on input line 131.
LaTeX Font Info:    Overwriting math alphabet `\mathit' in version `normal'
(Font)                  OT1/lmr/m/it --> TU/TeXGyreTermes(1)/m/it on input line 131.
LaTeX Font Info:    Overwriting math alphabet `\mathbf' in version `normal'
(Font)                  OT1/lmr/bx/n --> TU/TeXGyreTermes(1)/b/n on input line 131.

Package fontspec Info: 
(fontspec)             TeX Gyre Heros scale = 0.8587752249497685.


Package fontspec Info: 
(fontspec)             TeX Gyre Heros scale = 0.8587752249497685.


Package fontspec Info: 
(fontspec)             TeX Gyre Heros scale = 0.8587752249497685.


Package fontspec Info: 
(fontspec)             TeX Gyre Heros/B scale = 0.8333295657481294.


Package fontspec Info: 
(fontspec)             TeX Gyre Heros/B scale = 0.8333295657481294.


Package fontspec Info: 
(fontspec)             TeX Gyre Heros/I scale = 0.8587752249497685.


Package fontspec Info: 
(fontspec)             TeX Gyre Heros/I scale = 0.8587752249497685.


Package fontspec Info: 
(fontspec)             TeX Gyre Heros/BI scale = 0.8333295657481294.


Package fontspec Info: 
(fontspec)             TeX Gyre Heros/BI scale = 0.8333295657481294.


Package fontspec Info: 
(fontspec)             Font family 'TeXGyreHeros(0)' created for font 'TeX
(fontspec)             Gyre Heros' with options
(fontspec)             [Scale=MatchLowercase,Ligatures=TeX].
(fontspec)              
(fontspec)              This font family consists of the following NFSS
(fontspec)             series/shapes:
(fontspec)              
(fontspec)             - 'normal' (m/n) with NFSS spec.:
(fontspec)             <->s*[0.8587752249497685]"TeX Gyre
(fontspec)             Heros/OT:script=latn;language=dflt;mapping=tex-text;"
(fontspec)             - 'small caps'  (m/sc) with NFSS spec.:
(fontspec)             <->s*[0.8587752249497685]"TeX Gyre
(fontspec)             Heros/OT:script=latn;language=dflt;+smcp;mapping=tex-text;"
(fontspec)             - 'bold' (b/n) with NFSS spec.:
(fontspec)             <->s*[0.8333295657481294]"TeX Gyre
(fontspec)             Heros/B/OT:script=latn;language=dflt;mapping=tex-text;"
(fontspec)             - 'bold small caps'  (b/sc) with NFSS spec.:
(fontspec)             <->s*[0.8333295657481294]"TeX Gyre
(fontspec)             Heros/B/OT:script=latn;language=dflt;+smcp;mapping=tex-text;"
(fontspec)             - 'italic' (m/it) with NFSS spec.:
(fontspec)             <->s*[0.8587752249497685]"TeX Gyre
(fontspec)             Heros/I/OT:script=latn;language=dflt;mapping=tex-text;"
(fontspec)             - 'italic small caps'  (m/scit) with NFSS spec.:
(fontspec)             <->s*[0.8587752249497685]"TeX Gyre
(fontspec)             Heros/I/OT:script=latn;language=dflt;+smcp;mapping=tex-text;"
(fontspec)             - 'bold italic' (b/it) with NFSS spec.:
(fontspec)             <->s*[0.8333295657481294]"TeX Gyre
(fontspec)             Heros/BI/OT:script=latn;language=dflt;mapping=tex-text;"
(fontspec)             - 'bold italic small caps'  (b/scit) with NFSS spec.:
(fontspec)             <->s*[0.8333295657481294]"TeX Gyre
(fontspec)             Heros/BI/OT:script=latn;language=dflt;+smcp;mapping=tex-text;"


Package fontspec Info: 
(fontspec)             TeX Gyre Heros scale = 0.8587752249497685.


Package fontspec Info: 
(fontspec)             TeX Gyre Heros scale = 0.8587752249497685.


Package fontspec Info: 
(fontspec)             TeX Gyre Heros scale = 0.8587752249497685.


Package fontspec Info: 
(fontspec)             TeX Gyre Heros/B scale = 0.8333295657481294.


Package fontspec Info: 
(fontspec)             TeX Gyre Heros/B scale = 0.8333295657481294.


Package fontspec Info: 
(fontspec)             TeX Gyre Heros/I scale = 0.8587752249497685.


Package fontspec Info: 
(fontspec)             TeX Gyre Heros/I scale = 0.8587752249497685.


Package fontspec Info: 
(fontspec)             TeX Gyre Heros/BI scale = 0.8333295657481294.


Package fontspec Info: 
(fontspec)             TeX Gyre Heros/BI scale = 0.8333295657481294.


Package fontspec Info: 
(fontspec)             Font family 'TeXGyreHeros(1)' created for font 'TeX
(fontspec)             Gyre Heros' with options [Scale=MatchLowercase].
(fontspec)              
(fontspec)              This font family consists of the following NFSS
(fontspec)             series/shapes:
(fontspec)              
(fontspec)             - 'normal' (m/n) with NFSS spec.:
(fontspec)             <->s*[0.8587752249497685]"TeX Gyre
(fontspec)             Heros/OT:script=latn;language=dflt;"
(fontspec)             - 'small caps'  (m/sc) with NFSS spec.:
(fontspec)             <->s*[0.8587752249497685]"TeX Gyre
(fontspec)             Heros/OT:script=latn;language=dflt;+smcp;"
(fontspec)             - 'bold' (b/n) with NFSS spec.:
(fontspec)             <->s*[0.8333295657481294]"TeX Gyre
(fontspec)             Heros/B/OT:script=latn;language=dflt;"
(fontspec)             - 'bold small caps'  (b/sc) with NFSS spec.:
(fontspec)             <->s*[0.8333295657481294]"TeX Gyre
(fontspec)             Heros/B/OT:script=latn;language=dflt;+smcp;"
(fontspec)             - 'italic' (m/it) with NFSS spec.:
(fontspec)             <->s*[0.8587752249497685]"TeX Gyre
(fontspec)             Heros/I/OT:script=latn;language=dflt;"
(fontspec)             - 'italic small caps'  (m/scit) with NFSS spec.:
(fontspec)             <->s*[0.8587752249497685]"TeX Gyre
(fontspec)             Heros/I/OT:script=latn;language=dflt;+smcp;"
(fontspec)             - 'bold italic' (b/it) with NFSS spec.:
(fontspec)             <->s*[0.8333295657481294]"TeX Gyre
(fontspec)             Heros/BI/OT:script=latn;language=dflt;"
(fontspec)             - 'bold italic small caps'  (b/scit) with NFSS spec.:
(fontspec)             <->s*[0.8333295657481294]"TeX Gyre
(fontspec)             Heros/BI/OT:script=latn;language=dflt;+smcp;"

LaTeX Font Info:    Overwriting math alphabet `\mathsf' in version `normal'
(Font)                  OT1/lmss/m/n --> TU/TeXGyreHeros(1)/m/n on input line 132.
LaTeX Font Info:    Overwriting math alphabet `\mathsf' in version `bold'
(Font)                  OT1/lmss/bx/n --> TU/TeXGyreHeros(1)/b/n on input line 132.

Package fontspec Info: 
(fontspec)             TeX Gyre Cursor scale = 1.079133215751996.


Package fontspec Info: 
(fontspec)             TeX Gyre Cursor scale = 1.079133215751996.


Package fontspec Info: 
(fontspec)             TeX Gyre Cursor scale = 1.079133215751996.


Package fontspec Info: 
(fontspec)             TeX Gyre Cursor/B scale = 1.029745838760026.


Package fontspec Info: 
(fontspec)             TeX Gyre Cursor/B scale = 1.029745838760026.


Package fontspec Info: 
(fontspec)             TeX Gyre Cursor/I scale = 1.079133215751996.


Package fontspec Info: 
(fontspec)             TeX Gyre Cursor/I scale = 1.079133215751996.


Package fontspec Info: 
(fontspec)             TeX Gyre Cursor/BI scale = 1.029745838760026.


Package fontspec Info: 
(fontspec)             TeX Gyre Cursor/BI scale = 1.029745838760026.


Package fontspec Info: 
(fontspec)             Font family 'TeXGyreCursor(0)' created for font 'TeX
(fontspec)             Gyre Cursor' with options
(fontspec)             [Scale=MatchLowercase,WordSpace={1,0,0},HyphenChar=None,PunctuationSpace=WordSpace].
(fontspec)              
(fontspec)              This font family consists of the following NFSS
(fontspec)             series/shapes:
(fontspec)              
(fontspec)             - 'normal' (m/n) with NFSS spec.:
(fontspec)             <->s*[1.079133215751996]"TeX Gyre
(fontspec)             Cursor/OT:script=latn;language=dflt;"
(fontspec)             - 'small caps'  (m/sc) with NFSS spec.:
(fontspec)             <->s*[1.079133215751996]"TeX Gyre
(fontspec)             Cursor/OT:script=latn;language=dflt;+smcp;"
(fontspec)             and font adjustment code:
(fontspec)             \fontdimen 2\font =1\fontdimen 2\font \fontdimen 3\font
(fontspec)             =0\fontdimen 3\font \fontdimen 4\font =0\fontdimen
(fontspec)             4\font \fontdimen 7\font =0\fontdimen 2\font
(fontspec)             \tex_hyphenchar:D \font =-1\scan_stop: 
(fontspec)             - 'bold' (b/n) with NFSS spec.:
(fontspec)             <->s*[1.029745838760026]"TeX Gyre
(fontspec)             Cursor/B/OT:script=latn;language=dflt;"
(fontspec)             - 'bold small caps'  (b/sc) with NFSS spec.:
(fontspec)             <->s*[1.029745838760026]"TeX Gyre
(fontspec)             Cursor/B/OT:script=latn;language=dflt;+smcp;"
(fontspec)             and font adjustment code:
(fontspec)             \fontdimen 2\font =1\fontdimen 2\font \fontdimen 3\font
(fontspec)             =0\fontdimen 3\font \fontdimen 4\font =0\fontdimen
(fontspec)             4\font \fontdimen 7\font =0\fontdimen 2\font
(fontspec)             \tex_hyphenchar:D \font =-1\scan_stop: 
(fontspec)             - 'italic' (m/it) with NFSS spec.:
(fontspec)             <->s*[1.079133215751996]"TeX Gyre
(fontspec)             Cursor/I/OT:script=latn;language=dflt;"
(fontspec)             - 'italic small caps'  (m/scit) with NFSS spec.:
(fontspec)             <->s*[1.079133215751996]"TeX Gyre
(fontspec)             Cursor/I/OT:script=latn;language=dflt;+smcp;"
(fontspec)             and font adjustment code:
(fontspec)             \fontdimen 2\font =1\fontdimen 2\font \fontdimen 3\font
(fontspec)             =0\fontdimen 3\font \fontdimen 4\font =0\fontdimen
(fontspec)             4\font \fontdimen 7\font =0\fontdimen 2\font
(fontspec)             \tex_hyphenchar:D \font =-1\scan_stop: 
(fontspec)             - 'bold italic' (b/it) with NFSS spec.:
(fontspec)             <->s*[1.029745838760026]"TeX Gyre
(fontspec)             Cursor/BI/OT:script=latn;language=dflt;"
(fontspec)             - 'bold italic small caps'  (b/scit) with NFSS spec.:
(fontspec)             <->s*[1.029745838760026]"TeX Gyre
(fontspec)             Cursor/BI/OT:script=latn;language=dflt;+smcp;"
(fontspec)             and font adjustment code:
(fontspec)             \fontdimen 2\font =1\fontdimen 2\font \fontdimen 3\font
(fontspec)             =0\fontdimen 3\font \fontdimen 4\font =0\fontdimen
(fontspec)             4\font \fontdimen 7\font =0\fontdimen 2\font
(fontspec)             \tex_hyphenchar:D \font =-1\scan_stop: 


Package fontspec Info: 
(fontspec)             TeX Gyre Cursor scale = 1.079133215751996.


Package fontspec Info: 
(fontspec)             TeX Gyre Cursor scale = 1.079133215751996.


Package fontspec Info: 
(fontspec)             TeX Gyre Cursor scale = 1.079133215751996.


Package fontspec Info: 
(fontspec)             TeX Gyre Cursor/B scale = 1.029745838760026.


Package fontspec Info: 
(fontspec)             TeX Gyre Cursor/B scale = 1.029745838760026.


Package fontspec Info: 
(fontspec)             TeX Gyre Cursor/I scale = 1.079133215751996.


Package fontspec Info: 
(fontspec)             TeX Gyre Cursor/I scale = 1.079133215751996.


Package fontspec Info: 
(fontspec)             TeX Gyre Cursor/BI scale = 1.029745838760026.


Package fontspec Info: 
(fontspec)             TeX Gyre Cursor/BI scale = 1.029745838760026.


Package fontspec Info: 
(fontspec)             Font family 'TeXGyreCursor(1)' created for font 'TeX
(fontspec)             Gyre Cursor' with options [Scale=MatchLowercase].
(fontspec)              
(fontspec)              This font family consists of the following NFSS
(fontspec)             series/shapes:
(fontspec)              
(fontspec)             - 'normal' (m/n) with NFSS spec.:
(fontspec)             <->s*[1.079133215751996]"TeX Gyre
(fontspec)             Cursor/OT:script=latn;language=dflt;"
(fontspec)             - 'small caps'  (m/sc) with NFSS spec.:
(fontspec)             <->s*[1.079133215751996]"TeX Gyre
(fontspec)             Cursor/OT:script=latn;language=dflt;+smcp;"
(fontspec)             - 'bold' (b/n) with NFSS spec.:
(fontspec)             <->s*[1.029745838760026]"TeX Gyre
(fontspec)             Cursor/B/OT:script=latn;language=dflt;"
(fontspec)             - 'bold small caps'  (b/sc) with NFSS spec.:
(fontspec)             <->s*[1.029745838760026]"TeX Gyre
(fontspec)             Cursor/B/OT:script=latn;language=dflt;+smcp;"
(fontspec)             - 'italic' (m/it) with NFSS spec.:
(fontspec)             <->s*[1.079133215751996]"TeX Gyre
(fontspec)             Cursor/I/OT:script=latn;language=dflt;"
(fontspec)             - 'italic small caps'  (m/scit) with NFSS spec.:
(fontspec)             <->s*[1.079133215751996]"TeX Gyre
(fontspec)             Cursor/I/OT:script=latn;language=dflt;+smcp;"
(fontspec)             - 'bold italic' (b/it) with NFSS spec.:
(fontspec)             <->s*[1.029745838760026]"TeX Gyre
(fontspec)             Cursor/BI/OT:script=latn;language=dflt;"
(fontspec)             - 'bold italic small caps'  (b/scit) with NFSS spec.:
(fontspec)             <->s*[1.029745838760026]"TeX Gyre
(fontspec)             Cursor/BI/OT:script=latn;language=dflt;+smcp;"

LaTeX Font Info:    Overwriting math alphabet `\mathtt' in version `normal'
(Font)                  OT1/lmtt/m/n --> TU/TeXGyreCursor(1)/m/n on input line 133.
LaTeX Font Info:    Overwriting math alphabet `\mathtt' in version `bold'
(Font)                  OT1/lmtt/m/n --> TU/TeXGyreCursor(1)/b/n on input line 133.
Package hyperref Info: Option `colorlinks' set `true' on input line 176.
(c:/Users/jarca/AppData/Roaming/TinyTeX/texmf-dist/tex/latex/bookmark/bookmark.sty
Package: bookmark 2023-12-10 v1.31 PDF bookmarks (HO)
(c:/Users/jarca/AppData/Roaming/TinyTeX/texmf-dist/tex/latex/bookmark/bkm-dvipdfm.def
File: bkm-dvipdfm.def 2023-12-10 v1.31 bookmark driver for dvipdfm (HO)
\BKM@id=\count347
))
No file Tesis_IVEC.aux.
\openout1 = `Tesis_IVEC.aux'.

LaTeX Font Info:    Checking defaults for OML/cmm/m/it on input line 224.
LaTeX Font Info:    ... okay on input line 224.
LaTeX Font Info:    Checking defaults for OMS/cmsy/m/n on input line 224.
LaTeX Font Info:    ... okay on input line 224.
LaTeX Font Info:    Checking defaults for OT1/cmr/m/n on input line 224.
LaTeX Font Info:    ... okay on input line 224.
LaTeX Font Info:    Checking defaults for T1/cmr/m/n on input line 224.
LaTeX Font Info:    ... okay on input line 224.
LaTeX Font Info:    Checking defaults for TS1/cmr/m/n on input line 224.
LaTeX Font Info:    ... okay on input line 224.
LaTeX Font Info:    Checking defaults for TU/lmr/m/n on input line 224.
LaTeX Font Info:    ... okay on input line 224.
LaTeX Font Info:    Checking defaults for OMX/cmex/m/n on input line 224.
LaTeX Font Info:    ... okay on input line 224.
LaTeX Font Info:    Checking defaults for U/cmr/m/n on input line 224.
LaTeX Font Info:    ... okay on input line 224.
LaTeX Font Info:    Checking defaults for PD1/pdf/m/n on input line 224.
LaTeX Font Info:    ... okay on input line 224.
LaTeX Font Info:    Checking defaults for PU/pdf/m/n on input line 224.
LaTeX Font Info:    ... okay on input line 224.

Package fontspec Info: 
(fontspec)             latinmodern-math scale = 1.044080421721937.


Package fontspec Info: 
(fontspec)             latinmodern-math scale = 1.044080421721937.


Package fontspec Info: 
(fontspec)             latinmodern-math scale = 1.044080421721937.


Package fontspec Info: 
(fontspec)             Font family 'latinmodern-math.otf(0)' created for font
(fontspec)             'latinmodern-math.otf' with options
(fontspec)             [Scale=MatchLowercase,BoldItalicFont={},ItalicFont={},SmallCapsFont={},Script=Math,BoldFont={latinmodern-math.otf}].
(fontspec)              
(fontspec)              This font family consists of the following NFSS
(fontspec)             series/shapes:
(fontspec)              
(fontspec)             - 'normal' (m/n) with NFSS spec.:
(fontspec)             <->s*[1.044080421721937]"[latinmodern-math.otf]/OT:script=math;language=dflt;"
(fontspec)             - 'bold' (b/n) with NFSS spec.:
(fontspec)             <->s*[1.044080421721937]"[latinmodern-math.otf]/OT:script=math;language=dflt;"

LaTeX Font Info:    Font shape `TU/latinmodern-math.otf(0)/m/n' will be
(Font)              scaled to size 10.44083pt on input line 224.

Package fontspec Info: 
(fontspec)             latinmodern-math scale = 1.044080421721937.


Package fontspec Info: 
(fontspec)             latinmodern-math scale = 1.044080421721937.


Package fontspec Info: 
(fontspec)             latinmodern-math scale = 1.044080421721937.


Package fontspec Info: 
(fontspec)             latinmodern-math scale = 1.044080421721937.


Package fontspec Info: 
(fontspec)             latinmodern-math scale = 1.044080421721937.


Package fontspec Info: 
(fontspec)             Font family 'latinmodern-math.otf(1)' created for font
(fontspec)             'latinmodern-math.otf' with options
(fontspec)             [Scale=MatchLowercase,BoldItalicFont={},ItalicFont={},SmallCapsFont={},Script=Math,SizeFeatures={{Size=8.5-},{Size=6-8.5,Font=latinmodern-math.otf,Style=MathScript},{Size=-6,Font=latinmodern-math.otf,Style=MathScriptScript}},BoldFont={latinmodern-math.otf}].
(fontspec)              
(fontspec)              This font family consists of the following NFSS
(fontspec)             series/shapes:
(fontspec)              
(fontspec)             - 'normal' (m/n) with NFSS spec.:
(fontspec)             <8.5->s*[1.044080421721937]"[latinmodern-math.otf]/OT:script=math;language=dflt;"<6-8.5>s*[1.044080421721937]"[latinmodern-math.otf]/OT:script=math;language=dflt;+ssty=0;"<-6>s*[1.044080421721937]"[latinmodern-math.otf]/OT:script=math;language=dflt;+ssty=1;"
(fontspec)             - 'bold' (b/n) with NFSS spec.:
(fontspec)             <->s*[1.044080421721937]"[latinmodern-math.otf]/OT:script=math;language=dflt;"

LaTeX Font Info:    Font shape `TU/latinmodern-math.otf(1)/m/n' will be
(Font)              scaled to size 10.44083pt on input line 224.
LaTeX Font Info:    Encoding `OT1' has changed to `TU' for symbol font
(Font)              `operators' in the math version `normal' on input line 224.
LaTeX Font Info:    Overwriting symbol font `operators' in version `normal'
(Font)                  OT1/lmr/m/n --> TU/latinmodern-math.otf(1)/m/n on input line 224.
LaTeX Font Info:    Encoding `OT1' has changed to `TU' for symbol font
(Font)              `operators' in the math version `bold' on input line 224.
LaTeX Font Info:    Overwriting symbol font `operators' in version `bold'
(Font)                  OT1/lmr/bx/n --> TU/latinmodern-math.otf(1)/b/n on input line 224.

Package fontspec Info: 
(fontspec)             latinmodern-math scale = 1.044080421721937.


Package fontspec Info: 
(fontspec)             latinmodern-math scale = 1.044184829764109.


Package fontspec Info: 
(fontspec)             latinmodern-math scale = 1.044080421721937.


Package fontspec Info: 
(fontspec)             latinmodern-math scale = 1.044184829764109.


Package fontspec Info: 
(fontspec)             latinmodern-math scale = 1.044080421721937.


Package fontspec Info: 
(fontspec)             latinmodern-math scale = 1.044184829764109.


Package fontspec Info: 
(fontspec)             latinmodern-math scale = 1.044080421721937.


Package fontspec Info: 
(fontspec)             latinmodern-math scale = 1.044184829764109.


Package fontspec Info: 
(fontspec)             latinmodern-math scale = 1.044080421721937.


Package fontspec Info: 
(fontspec)             latinmodern-math scale = 1.044184829764109.


Package fontspec Info: 
(fontspec)             Font family 'latinmodern-math.otf(2)' created for font
(fontspec)             'latinmodern-math.otf' with options
(fontspec)             [Scale=MatchLowercase,BoldItalicFont={},ItalicFont={},SmallCapsFont={},Script=Math,SizeFeatures={{Size=8.5-},{Size=6-8.5,Font=latinmodern-math.otf,Style=MathScript},{Size=-6,Font=latinmodern-math.otf,Style=MathScriptScript}},BoldFont={latinmodern-math.otf},ScaleAgain=1.0001,FontAdjustment={\fontdimen
(fontspec)             8\font =7.06844pt\relax \fontdimen 9\font
(fontspec)             =4.1137pt\relax \fontdimen 10\font =4.63573pt\relax
(fontspec)             \fontdimen 11\font =7.16241pt\relax \fontdimen 12\font
(fontspec)             =3.60208pt\relax \fontdimen 13\font =3.79002pt\relax
(fontspec)             \fontdimen 14\font =3.79002pt\relax \fontdimen 15\font
(fontspec)             =3.0174pt\relax \fontdimen 16\font =2.57889pt\relax
(fontspec)             \fontdimen 17\font =2.57889pt\relax \fontdimen 18\font
(fontspec)             =2.61021pt\relax \fontdimen 19\font =2.08817pt\relax
(fontspec)             \fontdimen 22\font =2.61021pt\relax \fontdimen 20\font
(fontspec)             =0pt\relax \fontdimen 21\font =0pt\relax }].
(fontspec)              
(fontspec)              This font family consists of the following NFSS
(fontspec)             series/shapes:
(fontspec)              
(fontspec)             - 'normal' (m/n) with NFSS spec.:
(fontspec)             <8.5->s*[1.044184829764109]"[latinmodern-math.otf]/OT:script=math;language=dflt;"<6-8.5>s*[1.044184829764109]"[latinmodern-math.otf]/OT:script=math;language=dflt;+ssty=0;"<-6>s*[1.044184829764109]"[latinmodern-math.otf]/OT:script=math;language=dflt;+ssty=1;"
(fontspec)             - 'bold' (b/n) with NFSS spec.:
(fontspec)             <->s*[1.044184829764109]"[latinmodern-math.otf]/OT:script=math;language=dflt;"

LaTeX Font Info:    Encoding `OMS' has changed to `TU' for symbol font
(Font)              `symbols' in the math version `normal' on input line 224.
LaTeX Font Info:    Overwriting symbol font `symbols' in version `normal'
(Font)                  OMS/lmsy/m/n --> TU/latinmodern-math.otf(2)/m/n on input line 224.
LaTeX Font Info:    Encoding `OMS' has changed to `TU' for symbol font
(Font)              `symbols' in the math version `bold' on input line 224.
LaTeX Font Info:    Overwriting symbol font `symbols' in version `bold'
(Font)                  OMS/lmsy/b/n --> TU/latinmodern-math.otf(2)/b/n on input line 224.

Package fontspec Info: 
(fontspec)             latinmodern-math scale = 1.044080421721937.


Package fontspec Info: 
(fontspec)             latinmodern-math scale = 1.043976013679765.


Package fontspec Info: 
(fontspec)             latinmodern-math scale = 1.044080421721937.


Package fontspec Info: 
(fontspec)             latinmodern-math scale = 1.043976013679765.


Package fontspec Info: 
(fontspec)             latinmodern-math scale = 1.044080421721937.


Package fontspec Info: 
(fontspec)             latinmodern-math scale = 1.043976013679765.


Package fontspec Info: 
(fontspec)             latinmodern-math scale = 1.044080421721937.


Package fontspec Info: 
(fontspec)             latinmodern-math scale = 1.043976013679765.


Package fontspec Info: 
(fontspec)             latinmodern-math scale = 1.044080421721937.


Package fontspec Info: 
(fontspec)             latinmodern-math scale = 1.043976013679765.


Package fontspec Info: 
(fontspec)             Font family 'latinmodern-math.otf(3)' created for font
(fontspec)             'latinmodern-math.otf' with options
(fontspec)             [Scale=MatchLowercase,BoldItalicFont={},ItalicFont={},SmallCapsFont={},Script=Math,SizeFeatures={{Size=8.5-},{Size=6-8.5,Font=latinmodern-math.otf,Style=MathScript},{Size=-6,Font=latinmodern-math.otf,Style=MathScriptScript}},BoldFont={latinmodern-math.otf},ScaleAgain=0.9999,FontAdjustment={\fontdimen
(fontspec)             8\font =0.41763pt\relax \fontdimen 9\font
(fontspec)             =2.08817pt\relax \fontdimen 10\font =1.74362pt\relax
(fontspec)             \fontdimen 11\font =1.15894pt\relax \fontdimen 12\font
(fontspec)             =6.2645pt\relax \fontdimen 13\font =0pt\relax }].
(fontspec)              
(fontspec)              This font family consists of the following NFSS
(fontspec)             series/shapes:
(fontspec)              
(fontspec)             - 'normal' (m/n) with NFSS spec.:
(fontspec)             <8.5->s*[1.043976013679765]"[latinmodern-math.otf]/OT:script=math;language=dflt;"<6-8.5>s*[1.043976013679765]"[latinmodern-math.otf]/OT:script=math;language=dflt;+ssty=0;"<-6>s*[1.043976013679765]"[latinmodern-math.otf]/OT:script=math;language=dflt;+ssty=1;"
(fontspec)             - 'bold' (b/n) with NFSS spec.:
(fontspec)             <->s*[1.043976013679765]"[latinmodern-math.otf]/OT:script=math;language=dflt;"

LaTeX Font Info:    Encoding `OMX' has changed to `TU' for symbol font
(Font)              `largesymbols' in the math version `normal' on input line 224.
LaTeX Font Info:    Overwriting symbol font `largesymbols' in version `normal'
(Font)                  OMX/lmex/m/n --> TU/latinmodern-math.otf(3)/m/n on input line 224.
LaTeX Font Info:    Encoding `OMX' has changed to `TU' for symbol font
(Font)              `largesymbols' in the math version `bold' on input line 224.
LaTeX Font Info:    Overwriting symbol font `largesymbols' in version `bold'
(Font)                  OMX/lmex/m/n --> TU/latinmodern-math.otf(3)/b/n on input line 224.
LaTeX Info: Redefining \microtypecontext on input line 224.
Package microtype Info: Applying patch `item' on input line 224.
Package microtype Info: Applying patch `toc' on input line 224.
Package microtype Info: Applying patch `eqnum' on input line 224.
Package microtype Info: Applying patch `footnote' on input line 224.
Package microtype Info: Applying patch `verbatim' on input line 224.
LaTeX Info: Redefining \microtypesetup on input line 224.
Package microtype Info: Character protrusion enabled (level 2).
Package microtype Info: Using protrusion set `basicmath'.
Package microtype Info: No adjustment of tracking.
Package microtype Info: No adjustment of spacing.
Package microtype Info: No adjustment of kerning.
Package microtype Info: Loading generic protrusion settings for font family
(microtype)             `TeXGyreTermes' (encoding: TU).
(microtype)             For optimal results, create family-specific settings.
(microtype)             See the microtype manual for details.
*geometry* driver: auto-detecting
*geometry* detected driver: xetex
*geometry* verbose mode - [ preamble ] result:
* driver: xetex
* paper: a4paper
* layout: <same size as paper>
* layoutoffset:(h,v)=(0.0pt,0.0pt)
* modes: twoside 
* h-part:(L,W,R)=(85.35826pt, 441.01773pt, 71.13188pt)
* v-part:(T,H,B)=(71.13188pt, 702.78308pt, 71.13188pt)
* \paperwidth=597.50787pt
* \paperheight=845.04684pt
* \textwidth=441.01773pt
* \textheight=702.78308pt
* \oddsidemargin=13.08827pt
* \evensidemargin=-1.1381pt
* \topmargin=-31.2056pt
* \headheight=12.0pt
* \headsep=18.06749pt
* \topskip=10.0pt
* \footskip=25.29494pt
* \marginparwidth=125.0pt
* \marginparsep=7.0pt
* \columnsep=10.0pt
* \skip\footins=9.0pt plus 4.0pt minus 2.0pt
* \hoffset=0.0pt
* \voffset=0.0pt
* \mag=1000
* \@twocolumnfalse
* \@twosidetrue
* \@mparswitchtrue
* \@reversemarginfalse
* (1in=72.27pt=25.4mm, 1cm=28.453pt)

Package hyperref Info: Link coloring OFF on input line 224.

Package hyperref Warning: Rerun to get /PageLabels entry.

LaTeX Font Info:    Font shape `TU/TeXGyreTermes(0)/m/n' will be
(Font)              scaled to size 14.4pt on input line 225.
LaTeX Font Info:    Font shape `TU/TeXGyreTermes(0)/b/n' will be
(Font)              scaled to size 14.4pt on input line 225.
LaTeX Font Info:    Font shape `TU/TeXGyreTermes(0)/m/n' will be
(Font)              scaled to size 20.74pt on input line 225.
LaTeX Font Info:    Font shape `TU/TeXGyreTermes(0)/b/n' will be
(Font)              scaled to size 20.74pt on input line 225.
LaTeX Font Info:    Font shape `TU/TeXGyreTermes(0)/m/it' will be
(Font)              scaled to size 14.4pt on input line 225.
LaTeX Font Info:    Font shape `TU/TeXGyreTermes(0)/m/n' will be
(Font)              scaled to size 12.0pt on input line 225.
LaTeX Font Info:    Font shape `TU/TeXGyreTermes(0)/b/n' will be
(Font)              scaled to size 12.0pt on input line 225.
File: figures/logo-doctorado.png Graphic file (type bmp)
<figures/logo-doctorado.png>
[1


] [2

]
No file Tesis_IVEC.toc.
\tf@toc=\write4
\openout4 = `Tesis_IVEC.toc'.

[3] [4

]
Chapter 1.
LaTeX Font Info:    Font shape `TU/TeXGyreTermes(0)/m/it' will be
(Font)              scaled to size 10.0pt on input line 233.
LaTeX Font Info:    Font shape `TU/TeXGyreTermes(0)/b/n' will be
(Font)              scaled to size 10.0pt on input line 233.
LaTeX Font Info:    Font shape `TU/latinmodern-math.otf(1)/m/n' will be
(Font)              scaled to size 7.30858pt on input line 233.
LaTeX Font Info:    Font shape `TU/latinmodern-math.otf(1)/m/n' will be
(Font)              scaled to size 5.22041pt on input line 233.
LaTeX Font Info:    Trying to load font information for OML+lmm on input line 233.
(c:/Users/jarca/AppData/Roaming/TinyTeX/texmf-dist/tex/latex/lm/omllmm.fd
File: omllmm.fd 2015/05/01 v1.6.1 Font defs for Latin Modern
)
LaTeX Font Info:    Font shape `TU/latinmodern-math.otf(2)/m/n' will be
(Font)              scaled to size 10.4419pt on input line 233.
LaTeX Font Info:    Font shape `TU/latinmodern-math.otf(2)/m/n' will be
(Font)              scaled to size 7.30933pt on input line 233.
LaTeX Font Info:    Font shape `TU/latinmodern-math.otf(2)/m/n' will be
(Font)              scaled to size 5.22095pt on input line 233.
LaTeX Font Info:    Font shape `TU/latinmodern-math.otf(3)/m/n' will be
(Font)              scaled to size 10.43976pt on input line 233.
LaTeX Font Info:    Font shape `TU/latinmodern-math.otf(3)/m/n' will be
(Font)              scaled to size 7.30783pt on input line 233.
LaTeX Font Info:    Font shape `TU/latinmodern-math.otf(3)/m/n' will be
(Font)              scaled to size 5.21988pt on input line 233.
LaTeX Font Info:    Trying to load font information for U+msa on input line 233.
(c:/Users/jarca/AppData/Roaming/TinyTeX/texmf-dist/tex/latex/amsfonts/umsa.fd
File: umsa.fd 2013/01/14 v3.01 AMS symbols A
) (c:/Users/jarca/AppData/Roaming/TinyTeX/texmf-dist/tex/latex/microtype/mt-msa.cfg
File: mt-msa.cfg 2006/02/04 v1.1 microtype config. file: AMS symbols (a) (RS)
)
LaTeX Font Info:    Trying to load font information for U+msb on input line 233.
(c:/Users/jarca/AppData/Roaming/TinyTeX/texmf-dist/tex/latex/amsfonts/umsb.fd
File: umsb.fd 2013/01/14 v3.01 AMS symbols B
) (c:/Users/jarca/AppData/Roaming/TinyTeX/texmf-dist/tex/latex/microtype/mt-msb.cfg
File: mt-msb.cfg 2005/06/01 v1.0 microtype config. file: AMS symbols (b) (RS)
)
LaTeX Font Info:    Font shape `TU/TeXGyreCursor(0)/m/n' will be
(Font)              scaled to size 10.79132pt on input line 237.
LaTeX Font Info:    Font shape `TU/TeXGyreCursor(0)/b/n' will be
(Font)              scaled to size 10.2974pt on input line 259.
[5] [6]
Chapter 2.

Package natbib Warning: Citation `blaikie1994' on page 1 undefined on input line 284.


Package natbib Warning: Citation `wisner2004' on page 1 undefined on input line 284.


Package natbib Warning: Citation `undrr2015' on page 1 undefined on input line 284.


Package natbib Warning: Citation `ipcc2022_ar6wgii' on page 1 undefined on input line 286.


Package natbib Warning: Citation `olcina2018_riesgos' on page 1 undefined on input line 286.


Underfull \vbox (badness 10000) has occurred while \output is active []

[1



]

Package natbib Warning: Citation `chambers1989' on page 2 undefined on input line 298.


Package natbib Warning: Citation `castel1995' on page 2 undefined on input line 298.


Package natbib Warning: Citation `adger1999' on page 2 undefined on input line 298.


Package natbib Warning: Citation `turner2003' on page 2 undefined on input line 300.


Package natbib Warning: Citation `birkmann2006' on page 2 undefined on input line 300.


Underfull \vbox (badness 10000) has occurred while \output is active []

[2]

Package natbib Warning: Citation `blaikie1994' on page 3 undefined on input line 310.


Package natbib Warning: Citation `wisner2004' on page 3 undefined on input line 310.


Package natbib Warning: Citation `birkmann2013' on page 3 undefined on input line 314.


Package natbib Warning: Citation `cutter2003sovi' on page 3 undefined on input line 316.


Package natbib Warning: Citation `rufat2023_criticalreview' on page 3 undefined on input line 316.


Underfull \vbox (badness 10000) has occurred while \output is active []

[3] [4]
Overfull \hbox (0.13235pt too wide) in paragraph at lines 352--353
\TU/TeXGyreTermes(0)/m/n/10 compleja superposicin de caractersticas demogrficas, econmicas, ambientales e institucionales que permiten
 []

[5]

Package natbib Warning: Citation `gvapatricova' on page 6 undefined on input line 370.


Package natbib Warning: Citation `olcina2018_riesgos' on page 6 undefined on input line 370.


Package natbib Warning: Citation `copernicus2023' on page 6 undefined on input line 370.


Package natbib Warning: Citation `medecc2020_mar1' on page 6 undefined on input line 370.

[6]

Package natbib Warning: Citation `gva2024informedana' on page 7 undefined on input line 378.


Package natbib Warning: Citation `rufat2023_criticalreview' on page 7 undefined on input line 380.


Underfull \vbox (badness 3724) has occurred while \output is active []

[7] [8] [9] [10

]
Chapter 3.

Underfull \vbox (badness 10000) has occurred while \output is active []

[11

]
Underfull \vbox (badness 10000) has occurred while \output is active []

[12]
Overfull \hbox (4.08235pt too wide) in paragraph at lines 474--475
[]\TU/TeXGyreTermes(0)/m/n/10 Solo despus de completar este recorrido ontolgico, normativo, epistemolgicoterico y metodolgico
 []


Underfull \vbox (badness 3439) has occurred while \output is active []

[13]

Package natbib Warning: Citation `fineman2008' on page 14 undefined on input line 488.


Package natbib Warning: Citation `butler2009frames' on page 14 undefined on input line 488.


Underfull \hbox (badness 1629) in paragraph at lines 494--494
|[]\TU/TeXGyreTermes(0)/b/n/12 Vulnerabilidad disposicional-clnica: susceptibilidad diferencial inscrita en
 []

[14]

Package natbib Warning: Citation `beck1992' on page 15 undefined on input line 510.


Package natbib Warning: Citation `bourdieu1986' on page 15 undefined on input line 510.


Package natbib Warning: Citation `castel1995' on page 15 undefined on input line 510.


Package natbib Warning: Citation `blaikie1994' on page 15 undefined on input line 512.

[15]

Package natbib Warning: Citation `cutter2003' on page 16 undefined on input line 522.


Underfull \hbox (badness 2608) in paragraph at lines 530--530
|[]\TU/TeXGyreTermes(0)/b/n/12 Vulnerabilidad funcional-sistmica: propiedad emergente de sistemas so-
 []


Package natbib Warning: Citation `turner2003' on page 16 undefined on input line 534.


Package natbib Warning: Citation `adger2006' on page 16 undefined on input line 534.

[16] [17]

Package natbib Warning: Citation `fineman2008' on page 18 undefined on input line 558.


Package natbib Warning: Citation `butler2009frames' on page 18 undefined on input line 558.


Package natbib Warning: Citation `ley3-2019ServiciosSocialesInclusivos' on page 18 undefined on input line 560.

[18]

Package natbib Warning: Citation `sen1999' on page 19 undefined on input line 578.


Package natbib Warning: Citation `nussbaum2011' on page 19 undefined on input line 578.


Package natbib Warning: Citation `fraser2013fortunes' on page 19 undefined on input line 578.

[19]

Package natbib Warning: Citation `un2005hyogo' on page 20 undefined on input line 588.


Package natbib Warning: Citation `un2015sendai' on page 20 undefined on input line 588.


Package natbib Warning: Citation `un2015agenda2030' on page 20 undefined on input line 588.


Package natbib Warning: Citation `unfccc2015paris' on page 20 undefined on input line 588.

[20]
Underfull \hbox (badness 3009) in paragraph at lines 614--615
[]\TU/TeXGyreTermes(0)/m/n/10 En trminos muy generales, el campo puede organizarse en torno a tres grandes orientaciones
 []

[21] [22]
Underfull \vbox (badness 10000) has occurred while \output is active []

[23]

Package natbib Warning: Citation `bhaskar1978' on page 24 undefined on input line 653.


Package natbib Warning: Citation `beck1992' on page 24 undefined on input line 655.


Package natbib Warning: Citation `bourdieu1986' on page 24 undefined on input line 655.


Package natbib Warning: Citation `bourdieu1994' on page 24 undefined on input line 655.


Package natbib Warning: Citation `blaikie1994' on page 24 undefined on input line 655.


Underfull \vbox (badness 1052) has occurred while \output is active []

[24]
Underfull \vbox (badness 10000) has occurred while \output is active []

[25]
Underfull \hbox (badness 1394) in paragraph at lines 671--672
\TU/TeXGyreTermes(0)/m/n/10 La orientacin complejasistmica se distancia tanto de la lgica aditiva de la orientacin empirista
 []


Package natbib Warning: Citation `turner2003' on page 26 undefined on input line 673.


Package natbib Warning: Citation `adger2006' on page 26 undefined on input line 673.


Package natbib Warning: Citation `folke2006' on page 26 undefined on input line 673.

[26]

Package natbib Warning: Citation `adger2006' on page 27 undefined on input line 681.

[27]

Package natbib Warning: Citation `lupton1999risk' on page 28 undefined on input line 693.


Package natbib Warning: Citation `douglas1992risk' on page 28 undefined on input line 693.


Package natbib Warning: Citation `das2007life' on page 28 undefined on input line 697.


Package natbib Warning: Citation `farmer2004pathologies' on page 28 undefined on input line 697.

[28]
Underfull \vbox (badness 1521) has occurred while \output is active []

[29]

Package natbib Warning: Citation `cutter2003' on page 30 undefined on input line 719.


Underfull \hbox (badness 1776) in paragraph at lines 719--720
\TU/TeXGyreTermes(0)/m/n/10 Las metodologas de \TU/TeXGyreTermes(0)/b/n/10 medicin cuantitativa \TU/TeXGyreTermes(0)/m/n/10 constituyen, probablemente, el dispositivo ms visible y
 []


Overfull \hbox (0.20126pt too wide) in paragraph at lines 723--724
\TU/TeXGyreTermes(0)/m/n/10 en sistemas de informacin geogrfica. Su principal fortaleza reside en la capacidad para ofrecer una \TU/TeXGyreTermes(0)/b/n/10 cartografa
 []


Underfull \vbox (badness 2126) has occurred while \output is active []

[30]

Package natbib Warning: Citation `blaikie1994' on page 31 undefined on input line 733.

[31]

Package natbib Warning: Citation `turner2003' on page 32 undefined on input line 745.


Package natbib Warning: Citation `adger2006' on page 32 undefined on input line 745.

[32]

Package natbib Warning: Citation `das2007life' on page 33 undefined on input line 759.


Package natbib Warning: Citation `farmer2004pathologies' on page 33 undefined on input line 759.

[33] [34] [35] [36

]
Chapter 4.

Package natbib Warning: Citation `blaikie1994' on page 37 undefined on input line 805.

[37

]

Package natbib Warning: Citation `birkmann2013' on page 38 undefined on input line 825.

[38]

Package natbib Warning: Citation `cardona2001' on page 39 undefined on input line 849.


Package natbib Warning: Citation `cardona2003' on page 39 undefined on input line 849.


Package natbib Warning: Citation `cardona2014' on page 39 undefined on input line 849.


Underfull \vbox (badness 6526) has occurred while \output is active []

[39] [40]
File: figures/IVEC_marco_teorico_soft.pdf Graphic file (type pdf)
<use figures/IVEC_marco_teorico_soft.pdf>

Underfull \vbox (badness 10000) has occurred while \output is active []

[41] [42] [43] [44

]
Chapter 5.

Underfull \vbox (badness 1655) has occurred while \output is active []

[45

] [46] [47] [48]
Chapter 6.

Underfull \vbox (badness 5274) has occurred while \output is active []

[49


]

Package natbib Warning: Citation `rufat2019-slowburn' on page 50 undefined on input line 1182.


Package natbib Warning: Citation `birkmann2013' on page 50 undefined on input line 1182.


Package natbib Warning: Citation `choipak2006-multi' on page 50 undefined on input line 1185.


Package natbib Warning: Citation `klein2010-inter' on page 50 undefined on input line 1186.


Package natbib Warning: Citation `nicolescu2002-trans' on page 50 undefined on input line 1187.


Package natbib Warning: Citation `morin1992-meto' on page 50 undefined on input line 1187.


Package natbib Warning: Citation `alvargonzalez2011-multi' on page 50 undefined on input line 1189.

[50] [51]

Package natbib Warning: Citation `hinkel2011-indicators' on page 52 undefined on input line 1253.


Package natbib Warning: Citation `greco2019-composite' on page 52 undefined on input line 1257.

[52]

Package natbib Warning: Citation `rufat2019-validation' on page 53 undefined on input line 1268.


Package natbib Warning: Citation `birkmann2013' on page 53 undefined on input line 1271.


Package natbib Warning: Citation `birkmann2013' on page 53 undefined on input line 1283.

[53]

Package natbib Warning: Citation `lang2012-trans' on page 54 undefined on input line 1306.


Package natbib Warning: Citation `hinkel2011-indicators' on page 54 undefined on input line 1319.


Underfull \vbox (badness 10000) has occurred while \output is active []

[54]

Package natbib Warning: Citation `birkmann2013' on page 55 undefined on input line 1330.

[55]

Package natbib Warning: Citation `rufat2023-criticalreview' on page 56 undefined on input line 1353.


Package natbib Warning: Citation `cardona2001' on page 56 undefined on input line 1355.


Underfull \vbox (badness 7291) has occurred while \output is active []

[56] [57]

Package natbib Warning: Citation `rufat2023-criticalreview' on page 58 undefined on input line 1401.


Underfull \vbox (badness 10000) has occurred while \output is active []

[58]

Package natbib Warning: Citation `birkmann2013' on page 59 undefined on input line 1443.


Package natbib Warning: Citation `jamshed2023' on page 59 undefined on input line 1443.


Package natbib Warning: Citation `cutter2003' on page 59 undefined on input line 1452.


Package natbib Warning: Citation `rufat2019-validation' on page 59 undefined on input line 1452.

[59]

Package natbib Warning: Citation `undrr2015' on page 60 undefined on input line 1457.


Package natbib Warning: Citation `birkmann2013' on page 60 undefined on input line 1461.

LaTeX Font Info:    Font shape `TU/TeXGyreTermes(0)/m/n' will be
(Font)              scaled to size 8.0pt on input line 1472.
LaTeX Font Info:    Font shape `TU/latinmodern-math.otf(1)/m/n' will be
(Font)              scaled to size 8.35266pt on input line 1474.
LaTeX Font Info:    Font shape `TU/latinmodern-math.otf(1)/m/n' will be
(Font)              scaled to size 6.2645pt on input line 1474.
LaTeX Font Info:    Font shape `TU/latinmodern-math.otf(2)/m/n' will be
(Font)              scaled to size 8.35352pt on input line 1474.
LaTeX Font Info:    Font shape `TU/latinmodern-math.otf(2)/m/n' will be
(Font)              scaled to size 6.26514pt on input line 1474.
LaTeX Font Info:    Font shape `TU/latinmodern-math.otf(3)/m/n' will be
(Font)              scaled to size 8.3518pt on input line 1474.
LaTeX Font Info:    Font shape `TU/latinmodern-math.otf(3)/m/n' will be
(Font)              scaled to size 6.26385pt on input line 1474.
LaTeX Font Info:    Font shape `TU/TeXGyreTermes(0)/m/n' will be
(Font)              scaled to size 6.0pt on input line 1486.
[60] [61] [62] [63] [64]
Underfull \hbox (badness 1348) in paragraph at lines 1660--1662
[]\TU/TeXGyreTermes(0)/m/n/10 En resumen, la utilizacin del SIP/APSIG permite articular un enfoque metodolgico multiescalar
 []

[65] [66]
LaTeX Font Info:    Font shape `TU/TeXGyreTermes(0)/m/n' will be
(Font)              scaled to size 7.0pt on input line 1744.

Underfull \hbox (badness 10000) in paragraph at lines 1766--1767

 []


Underfull \vbox (badness 1117) has occurred while \output is active []

[67]

Package natbib Warning: Citation `greco2019-composite' on page 68 undefined on input line 1812.

[68]

Package natbib Warning: Citation `greco2019-composite' on page 69 undefined on input line 1839.


Package natbib Warning: Citation `oecd2011' on page 69 undefined on input line 1839.

[69]

Package natbib Warning: Citation `oecd2011' on page 70 undefined on input line 1899.


Package natbib Warning: Citation `greco2019-composite' on page 70 undefined on input line 1899.

[70] [71] [72]
Underfull \vbox (badness 10000) has occurred while \output is active []

[73] [74]
Underfull \vbox (badness 10000) has occurred while \output is active []

[75]
Underfull \vbox (badness 10000) has occurred while \output is active []

[76]
Underfull \vbox (badness 10000) has occurred while \output is active []

[77]
Underfull \vbox (badness 10000) has occurred while \output is active []

[78]
Underfull \vbox (badness 10000) has occurred while \output is active []

[79]
Underfull \vbox (badness 10000) has occurred while \output is active []

[80]
Underfull \vbox (badness 10000) has occurred while \output is active []

[81]
Underfull \vbox (badness 10000) has occurred while \output is active []

[82]
Underfull \vbox (badness 10000) has occurred while \output is active []

[83]
Underfull \vbox (badness 10000) has occurred while \output is active []

[84]
Underfull \vbox (badness 10000) has occurred while \output is active []

[85]
Underfull \vbox (badness 10000) has occurred while \output is active []

[86]
Underfull \vbox (badness 10000) has occurred while \output is active []

[87]
Underfull \vbox (badness 10000) has occurred while \output is active []

[88]
Missing character: There is no  (U+1D43C) in font TeX Gyre Termes/OT:script=latn;language=dflt;mapping=tex-text;!
Missing character: There is no  (U+1D449) in font TeX Gyre Termes/OT:script=latn;language=dflt;mapping=tex-text;!
Missing character: There is no  (U+1D438) in font TeX Gyre Termes/OT:script=latn;language=dflt;mapping=tex-text;!
Missing character: There is no  (U+1D436) in font TeX Gyre Termes/OT:script=latn;language=dflt;mapping=tex-text;!
Missing character: There is no  (U+1D449) in font TeX Gyre Termes/OT:script=latn;language=dflt;mapping=tex-text;!
Missing character: There is no  (U+1D456) in font TeX Gyre Termes/OT:script=latn;language=dflt;mapping=tex-text;!
Missing character: There is no  (U+1D449) in font TeX Gyre Termes/OT:script=latn;language=dflt;mapping=tex-text;!
Missing character: There is no  (U+1D438) in font TeX Gyre Termes/OT:script=latn;language=dflt;mapping=tex-text;!
Missing character: There is no  (U+1D449) in font TeX Gyre Termes/OT:script=latn;language=dflt;mapping=tex-text;!
Missing character: There is no  (U+1D436) in font TeX Gyre Termes/OT:script=latn;language=dflt;mapping=tex-text;!
Missing character: There is no  (U+1D436) in font TeX Gyre Termes/OT:script=latn;language=dflt;mapping=tex-text;!
Missing character: There is no  (U+1D43B) in font TeX Gyre Termes/OT:script=latn;language=dflt;mapping=tex-text;!
Missing character: There is no  (U+1D436) in font TeX Gyre Termes/OT:script=latn;language=dflt;mapping=tex-text;!
Missing character: There is no  (U+1D434) in font TeX Gyre Termes/OT:script=latn;language=dflt;mapping=tex-text;!
Missing character: There is no  (U+1D437) in font TeX Gyre Termes/OT:script=latn;language=dflt;mapping=tex-text;!
Missing character: There is no  (U+1D436) in font TeX Gyre Termes/OT:script=latn;language=dflt;mapping=tex-text;!
Missing character: There is no  (U+1D446) in font TeX Gyre Termes/OT:script=latn;language=dflt;mapping=tex-text;!

Underfull \vbox (badness 10000) has occurred while \output is active []

[89]
Underfull \vbox (badness 10000) has occurred while \output is active []

[90]
Underfull \vbox (badness 10000) has occurred while \output is active []

[91]
Underfull \vbox (badness 10000) has occurred while \output is active []

[92]
Underfull \vbox (badness 10000) has occurred while \output is active []

[93]
Underfull \hbox (badness 1205) in paragraph at lines 2453--2455
[]\TU/TeXGyreTermes(0)/m/n/10 Por ltimo, se llev a cabo un anlisis de sensibilidad del ndice ante cambios en las decisiones
 []


Underfull \vbox (badness 10000) has occurred while \output is active []

[94] [95] [96] [97] [98]
Chapter 7.
[99


]
Overfull \hbox (10.16705pt too wide) in paragraph at lines 2673--2673
[]|\TU/TeXGyreTermes(0)/m/n/10 Estructural|  
 []


Overfull \hbox (10.16705pt too wide) in paragraph at lines 2674--2674
[]|\TU/TeXGyreTermes(0)/m/n/10 Estructural|  
 []

Missing character: There is no  (U+2080) in font TeX Gyre Termes Bold/OT:script=latn;language=dflt;mapping=tex-text;!
[100]
LaTeX Font Info:    Font shape `TU/TeXGyreCursor(0)/m/it' will be
(Font)              scaled to size 10.79132pt on input line 2744.
[101] [102] [103] [104

]
Chapter 8.
[105

] [106

]
Chapter 9.
No file Tesis_IVEC.bbl.

Package natbib Warning: There were undefined citations.

[107

] (./Tesis_IVEC.aux)
 ***********
LaTeX2e <2025-11-01>
L3 programming layer <2025-12-29>
 ***********

LaTeX Warning: Label(s) may have changed. Rerun to get cross-references right.

 ) 
Here is how much of TeX's memory you used:
 21251 strings out of 470091
 395569 string characters out of 5473976
 978538 words of memory out of 5000000
 49540 multiletter control sequences out of 15000+600000
 636481 words of font info for 123 fonts, out of 8000000 for 9000
 62 hyphenation exceptions out of 8191
 90i,12n,116p,1171b,505s stack positions out of 10000i,1000n,20000p,200000b,200000s

Output written on Tesis_IVEC.pdf (113 pages).
